This is pdfTeX, Version 3.14159265-2.6-1.40.20 (TeX Live 2019) (preloaded format=pdflatex 2020.1.1)  3 NOV 2023 22:43
entering extended mode
 restricted \write18 enabled.
 %&-line parsing enabled.
**bookdown-demo.tex
(./bookdown-demo.tex
LaTeX2e <2018-12-01>
(/usr/local/texlive/2019/texmf-dist/tex/latex/base/book.cls
Document Class: book 2018/09/03 v1.4i Standard LaTeX document class
(/usr/local/texlive/2019/texmf-dist/tex/latex/base/bk10.clo
File: bk10.clo 2018/09/03 v1.4i Standard LaTeX file (size option)
)
\c@part=\count80
\c@chapter=\count81
\c@section=\count82
\c@subsection=\count83
\c@subsubsection=\count84
\c@paragraph=\count85
\c@subparagraph=\count86
\c@figure=\count87
\c@table=\count88
\abovecaptionskip=\skip41
\belowcaptionskip=\skip42
\bibindent=\dimen102
)
(/usr/local/texlive/2019/texmf-dist/tex/latex/lm/lmodern.sty
Package: lmodern 2009/10/30 v1.6 Latin Modern Fonts
LaTeX Font Info:    Overwriting symbol font `operators' in version `normal'
(Font)                  OT1/cmr/m/n --> OT1/lmr/m/n on input line 22.
LaTeX Font Info:    Overwriting symbol font `letters' in version `normal'
(Font)                  OML/cmm/m/it --> OML/lmm/m/it on input line 23.
LaTeX Font Info:    Overwriting symbol font `symbols' in version `normal'
(Font)                  OMS/cmsy/m/n --> OMS/lmsy/m/n on input line 24.
LaTeX Font Info:    Overwriting symbol font `largesymbols' in version `normal'
(Font)                  OMX/cmex/m/n --> OMX/lmex/m/n on input line 25.
LaTeX Font Info:    Overwriting symbol font `operators' in version `bold'
(Font)                  OT1/cmr/bx/n --> OT1/lmr/bx/n on input line 26.
LaTeX Font Info:    Overwriting symbol font `letters' in version `bold'
(Font)                  OML/cmm/b/it --> OML/lmm/b/it on input line 27.
LaTeX Font Info:    Overwriting symbol font `symbols' in version `bold'
(Font)                  OMS/cmsy/b/n --> OMS/lmsy/b/n on input line 28.
LaTeX Font Info:    Overwriting symbol font `largesymbols' in version `bold'
(Font)                  OMX/cmex/m/n --> OMX/lmex/m/n on input line 29.
LaTeX Font Info:    Overwriting math alphabet `\mathbf' in version `normal'
(Font)                  OT1/cmr/bx/n --> OT1/lmr/bx/n on input line 31.
LaTeX Font Info:    Overwriting math alphabet `\mathsf' in version `normal'
(Font)                  OT1/cmss/m/n --> OT1/lmss/m/n on input line 32.
LaTeX Font Info:    Overwriting math alphabet `\mathit' in version `normal'
(Font)                  OT1/cmr/m/it --> OT1/lmr/m/it on input line 33.
LaTeX Font Info:    Overwriting math alphabet `\mathtt' in version `normal'
(Font)                  OT1/cmtt/m/n --> OT1/lmtt/m/n on input line 34.
LaTeX Font Info:    Overwriting math alphabet `\mathbf' in version `bold'
(Font)                  OT1/cmr/bx/n --> OT1/lmr/bx/n on input line 35.
LaTeX Font Info:    Overwriting math alphabet `\mathsf' in version `bold'
(Font)                  OT1/cmss/bx/n --> OT1/lmss/bx/n on input line 36.
LaTeX Font Info:    Overwriting math alphabet `\mathit' in version `bold'
(Font)                  OT1/cmr/bx/it --> OT1/lmr/bx/it on input line 37.
LaTeX Font Info:    Overwriting math alphabet `\mathtt' in version `bold'
(Font)                  OT1/cmtt/m/n --> OT1/lmtt/m/n on input line 38.
)
(/usr/local/texlive/2019/texmf-dist/tex/latex/amsfonts/amssymb.sty
Package: amssymb 2013/01/14 v3.01 AMS font symbols

(/usr/local/texlive/2019/texmf-dist/tex/latex/amsfonts/amsfonts.sty
Package: amsfonts 2013/01/14 v3.01 Basic AMSFonts support
\@emptytoks=\toks14
\symAMSa=\mathgroup4
\symAMSb=\mathgroup5
LaTeX Font Info:    Overwriting math alphabet `\mathfrak' in version `bold'
(Font)                  U/euf/m/n --> U/euf/b/n on input line 106.
))
(/usr/local/texlive/2019/texmf-dist/tex/latex/amsmath/amsmath.sty
Package: amsmath 2018/12/01 v2.17b AMS math features
\@mathmargin=\skip43

For additional information on amsmath, use the `?' option.
(/usr/local/texlive/2019/texmf-dist/tex/latex/amsmath/amstext.sty
Package: amstext 2000/06/29 v2.01 AMS text

(/usr/local/texlive/2019/texmf-dist/tex/latex/amsmath/amsgen.sty
File: amsgen.sty 1999/11/30 v2.0 generic functions
\@emptytoks=\toks15
\ex@=\dimen103
))
(/usr/local/texlive/2019/texmf-dist/tex/latex/amsmath/amsbsy.sty
Package: amsbsy 1999/11/29 v1.2d Bold Symbols
\pmbraise@=\dimen104
)
(/usr/local/texlive/2019/texmf-dist/tex/latex/amsmath/amsopn.sty
Package: amsopn 2016/03/08 v2.02 operator names
)
\inf@bad=\count89
LaTeX Info: Redefining \frac on input line 223.
\uproot@=\count90
\leftroot@=\count91
LaTeX Info: Redefining \overline on input line 385.
\classnum@=\count92
\DOTSCASE@=\count93
LaTeX Info: Redefining \ldots on input line 482.
LaTeX Info: Redefining \dots on input line 485.
LaTeX Info: Redefining \cdots on input line 606.
\Mathstrutbox@=\box27
\strutbox@=\box28
\big@size=\dimen105
LaTeX Font Info:    Redeclaring font encoding OML on input line 729.
LaTeX Font Info:    Redeclaring font encoding OMS on input line 730.
\macc@depth=\count94
\c@MaxMatrixCols=\count95
\dotsspace@=\muskip10
\c@parentequation=\count96
\dspbrk@lvl=\count97
\tag@help=\toks16
\row@=\count98
\column@=\count99
\maxfields@=\count100
\andhelp@=\toks17
\eqnshift@=\dimen106
\alignsep@=\dimen107
\tagshift@=\dimen108
\tagwidth@=\dimen109
\totwidth@=\dimen110
\lineht@=\dimen111
\@envbody=\toks18
\multlinegap=\skip44
\multlinetaggap=\skip45
\mathdisplay@stack=\toks19
LaTeX Info: Redefining \[ on input line 2844.
LaTeX Info: Redefining \] on input line 2845.
)
(/usr/local/texlive/2019/texmf-dist/tex/generic/ifxetex/ifxetex.sty
Package: ifxetex 2010/09/12 v0.6 Provides ifxetex conditional
)
(/usr/local/texlive/2019/texmf-dist/tex/generic/oberdiek/ifluatex.sty
Package: ifluatex 2016/05/16 v1.4 Provides the ifluatex switch (HO)
Package ifluatex Info: LuaTeX not detected.
)
(/usr/local/texlive/2019/texmf-dist/tex/latex/base/fixltx2e.sty
Package: fixltx2e 2016/12/29 v2.1a fixes to LaTeX (obsolete)
Applying: [2015/01/01] Old fixltx2e package on input line 46.


Package fixltx2e Warning: fixltx2e is not required with releases after 2015
(fixltx2e)                All fixes are now in the LaTeX kernel.
(fixltx2e)                See the latexrelease package for details.

Already applied: [0000/00/00] Old fixltx2e package on input line 53.
) (/usr/local/texlive/2019/texmf-dist/tex/latex/base/fontenc.sty
Package: fontenc 2018/08/11 v2.0j Standard LaTeX package

(/usr/local/texlive/2019/texmf-dist/tex/latex/base/t1enc.def
File: t1enc.def 2018/08/11 v2.0j Standard LaTeX file
LaTeX Font Info:    Redeclaring font encoding T1 on input line 48.
))
(/usr/local/texlive/2019/texmf-dist/tex/latex/base/inputenc.sty
Package: inputenc 2018/08/11 v1.3c Input encoding file
\inpenc@prehook=\toks20
\inpenc@posthook=\toks21
)
(/usr/local/texlive/2019/texmf-dist/tex/latex/base/textcomp.sty
Package: textcomp 2018/08/11 v2.0j Standard LaTeX package
Package textcomp Info: Sub-encoding information:
(textcomp)               5 = only ISO-Adobe without \textcurrency
(textcomp)               4 = 5 + \texteuro
(textcomp)               3 = 4 + \textohm
(textcomp)               2 = 3 + \textestimated + \textcurrency
(textcomp)               1 = TS1 - \textcircled - \t
(textcomp)               0 = TS1 (full)
(textcomp)             Font families with sub-encoding setting implement
(textcomp)             only a restricted character set as indicated.
(textcomp)             Family '?' is the default used for unknown fonts.
(textcomp)             See the documentation for details.
Package textcomp Info: Setting ? sub-encoding to TS1/1 on input line 79.

(/usr/local/texlive/2019/texmf-dist/tex/latex/base/ts1enc.def
File: ts1enc.def 2001/06/05 v3.0e (jk/car/fm) Standard LaTeX file
Now handling font encoding TS1 ...
... processing UTF-8 mapping file for font encoding TS1

(/usr/local/texlive/2019/texmf-dist/tex/latex/base/ts1enc.dfu
File: ts1enc.dfu 2018/10/05 v1.2f UTF-8 support for inputenc
   defining Unicode char U+00A2 (decimal 162)
   defining Unicode char U+00A3 (decimal 163)
   defining Unicode char U+00A4 (decimal 164)
   defining Unicode char U+00A5 (decimal 165)
   defining Unicode char U+00A6 (decimal 166)
   defining Unicode char U+00A7 (decimal 167)
   defining Unicode char U+00A8 (decimal 168)
   defining Unicode char U+00A9 (decimal 169)
   defining Unicode char U+00AA (decimal 170)
   defining Unicode char U+00AC (decimal 172)
   defining Unicode char U+00AE (decimal 174)
   defining Unicode char U+00AF (decimal 175)
   defining Unicode char U+00B0 (decimal 176)
   defining Unicode char U+00B1 (decimal 177)
   defining Unicode char U+00B2 (decimal 178)
   defining Unicode char U+00B3 (decimal 179)
   defining Unicode char U+00B4 (decimal 180)
   defining Unicode char U+00B5 (decimal 181)
   defining Unicode char U+00B6 (decimal 182)
   defining Unicode char U+00B7 (decimal 183)
   defining Unicode char U+00B9 (decimal 185)
   defining Unicode char U+00BA (decimal 186)
   defining Unicode char U+00BC (decimal 188)
   defining Unicode char U+00BD (decimal 189)
   defining Unicode char U+00BE (decimal 190)
   defining Unicode char U+00D7 (decimal 215)
   defining Unicode char U+00F7 (decimal 247)
   defining Unicode char U+0192 (decimal 402)
   defining Unicode char U+02C7 (decimal 711)
   defining Unicode char U+02D8 (decimal 728)
   defining Unicode char U+02DD (decimal 733)
   defining Unicode char U+0E3F (decimal 3647)
   defining Unicode char U+2016 (decimal 8214)
   defining Unicode char U+2020 (decimal 8224)
   defining Unicode char U+2021 (decimal 8225)
   defining Unicode char U+2022 (decimal 8226)
   defining Unicode char U+2030 (decimal 8240)
   defining Unicode char U+2031 (decimal 8241)
   defining Unicode char U+203B (decimal 8251)
   defining Unicode char U+203D (decimal 8253)
   defining Unicode char U+2044 (decimal 8260)
   defining Unicode char U+204E (decimal 8270)
   defining Unicode char U+2052 (decimal 8274)
   defining Unicode char U+20A1 (decimal 8353)
   defining Unicode char U+20A4 (decimal 8356)
   defining Unicode char U+20A6 (decimal 8358)
   defining Unicode char U+20A9 (decimal 8361)
   defining Unicode char U+20AB (decimal 8363)
   defining Unicode char U+20AC (decimal 8364)
   defining Unicode char U+20B1 (decimal 8369)
   defining Unicode char U+2103 (decimal 8451)
   defining Unicode char U+2116 (decimal 8470)
   defining Unicode char U+2117 (decimal 8471)
   defining Unicode char U+211E (decimal 8478)
   defining Unicode char U+2120 (decimal 8480)
   defining Unicode char U+2122 (decimal 8482)
   defining Unicode char U+2126 (decimal 8486)
   defining Unicode char U+2127 (decimal 8487)
   defining Unicode char U+212E (decimal 8494)
   defining Unicode char U+2190 (decimal 8592)
   defining Unicode char U+2191 (decimal 8593)
   defining Unicode char U+2192 (decimal 8594)
   defining Unicode char U+2193 (decimal 8595)
   defining Unicode char U+2329 (decimal 9001)
   defining Unicode char U+232A (decimal 9002)
   defining Unicode char U+2422 (decimal 9250)
   defining Unicode char U+25E6 (decimal 9702)
   defining Unicode char U+25EF (decimal 9711)
   defining Unicode char U+266A (decimal 9834)
   defining Unicode char U+FEFF (decimal 65279)
))
LaTeX Info: Redefining \oldstylenums on input line 334.
Package textcomp Info: Setting cmr sub-encoding to TS1/0 on input line 349.
Package textcomp Info: Setting cmss sub-encoding to TS1/0 on input line 350.
Package textcomp Info: Setting cmtt sub-encoding to TS1/0 on input line 351.
Package textcomp Info: Setting cmvtt sub-encoding to TS1/0 on input line 352.
Package textcomp Info: Setting cmbr sub-encoding to TS1/0 on input line 353.
Package textcomp Info: Setting cmtl sub-encoding to TS1/0 on input line 354.
Package textcomp Info: Setting ccr sub-encoding to TS1/0 on input line 355.
Package textcomp Info: Setting ptm sub-encoding to TS1/4 on input line 356.
Package textcomp Info: Setting pcr sub-encoding to TS1/4 on input line 357.
Package textcomp Info: Setting phv sub-encoding to TS1/4 on input line 358.
Package textcomp Info: Setting ppl sub-encoding to TS1/3 on input line 359.
Package textcomp Info: Setting pag sub-encoding to TS1/4 on input line 360.
Package textcomp Info: Setting pbk sub-encoding to TS1/4 on input line 361.
Package textcomp Info: Setting pnc sub-encoding to TS1/4 on input line 362.
Package textcomp Info: Setting pzc sub-encoding to TS1/4 on input line 363.
Package textcomp Info: Setting bch sub-encoding to TS1/4 on input line 364.
Package textcomp Info: Setting put sub-encoding to TS1/5 on input line 365.
Package textcomp Info: Setting uag sub-encoding to TS1/5 on input line 366.
Package textcomp Info: Setting ugq sub-encoding to TS1/5 on input line 367.
Package textcomp Info: Setting ul8 sub-encoding to TS1/4 on input line 368.
Package textcomp Info: Setting ul9 sub-encoding to TS1/4 on input line 369.
Package textcomp Info: Setting augie sub-encoding to TS1/5 on input line 370.
Package textcomp Info: Setting dayrom sub-encoding to TS1/3 on input line 371.
Package textcomp Info: Setting dayroms sub-encoding to TS1/3 on input line 372.

Package textcomp Info: Setting pxr sub-encoding to TS1/0 on input line 373.
Package textcomp Info: Setting pxss sub-encoding to TS1/0 on input line 374.
Package textcomp Info: Setting pxtt sub-encoding to TS1/0 on input line 375.
Package textcomp Info: Setting txr sub-encoding to TS1/0 on input line 376.
Package textcomp Info: Setting txss sub-encoding to TS1/0 on input line 377.
Package textcomp Info: Setting txtt sub-encoding to TS1/0 on input line 378.
Package textcomp Info: Setting lmr sub-encoding to TS1/0 on input line 379.
Package textcomp Info: Setting lmdh sub-encoding to TS1/0 on input line 380.
Package textcomp Info: Setting lmss sub-encoding to TS1/0 on input line 381.
Package textcomp Info: Setting lmssq sub-encoding to TS1/0 on input line 382.
Package textcomp Info: Setting lmvtt sub-encoding to TS1/0 on input line 383.
Package textcomp Info: Setting lmtt sub-encoding to TS1/0 on input line 384.
Package textcomp Info: Setting qhv sub-encoding to TS1/0 on input line 385.
Package textcomp Info: Setting qag sub-encoding to TS1/0 on input line 386.
Package textcomp Info: Setting qbk sub-encoding to TS1/0 on input line 387.
Package textcomp Info: Setting qcr sub-encoding to TS1/0 on input line 388.
Package textcomp Info: Setting qcs sub-encoding to TS1/0 on input line 389.
Package textcomp Info: Setting qpl sub-encoding to TS1/0 on input line 390.
Package textcomp Info: Setting qtm sub-encoding to TS1/0 on input line 391.
Package textcomp Info: Setting qzc sub-encoding to TS1/0 on input line 392.
Package textcomp Info: Setting qhvc sub-encoding to TS1/0 on input line 393.
Package textcomp Info: Setting futs sub-encoding to TS1/4 on input line 394.
Package textcomp Info: Setting futx sub-encoding to TS1/4 on input line 395.
Package textcomp Info: Setting futj sub-encoding to TS1/4 on input line 396.
Package textcomp Info: Setting hlh sub-encoding to TS1/3 on input line 397.
Package textcomp Info: Setting hls sub-encoding to TS1/3 on input line 398.
Package textcomp Info: Setting hlst sub-encoding to TS1/3 on input line 399.
Package textcomp Info: Setting hlct sub-encoding to TS1/5 on input line 400.
Package textcomp Info: Setting hlx sub-encoding to TS1/5 on input line 401.
Package textcomp Info: Setting hlce sub-encoding to TS1/5 on input line 402.
Package textcomp Info: Setting hlcn sub-encoding to TS1/5 on input line 403.
Package textcomp Info: Setting hlcw sub-encoding to TS1/5 on input line 404.
Package textcomp Info: Setting hlcf sub-encoding to TS1/5 on input line 405.
Package textcomp Info: Setting pplx sub-encoding to TS1/3 on input line 406.
Package textcomp Info: Setting pplj sub-encoding to TS1/3 on input line 407.
Package textcomp Info: Setting ptmx sub-encoding to TS1/4 on input line 408.
Package textcomp Info: Setting ptmj sub-encoding to TS1/4 on input line 409.
)
(/usr/local/texlive/2019/texmf-dist/tex/latex/upquote/upquote.sty
Package: upquote 2012/04/19 v1.3 upright-quote and grave-accent glyphs in verba
tim
)
(/usr/local/texlive/2019/texmf-dist/tex/latex/microtype/microtype.sty
Package: microtype 2019/02/28 v2.7b Micro-typographical refinements (RS)

(/usr/local/texlive/2019/texmf-dist/tex/latex/graphics/keyval.sty
Package: keyval 2014/10/28 v1.15 key=value parser (DPC)
\KV@toks@=\toks22
)
\MT@toks=\toks23
\MT@count=\count101
LaTeX Info: Redefining \textls on input line 790.
\MT@outer@kern=\dimen112
LaTeX Info: Redefining \textmicrotypecontext on input line 1336.
\MT@listname@count=\count102

(/usr/local/texlive/2019/texmf-dist/tex/latex/microtype/microtype-pdftex.def
File: microtype-pdftex.def 2019/02/28 v2.7b Definitions specific to pdftex (RS)

LaTeX Info: Redefining \lsstyle on input line 914.
LaTeX Info: Redefining \lslig on input line 914.
\MT@outer@space=\skip46
)
Package microtype Info: Loading configuration file microtype.cfg.

(/usr/local/texlive/2019/texmf-dist/tex/latex/microtype/microtype.cfg
File: microtype.cfg 2019/02/28 v2.7b microtype main configuration file (RS)
))
(/usr/local/texlive/2019/texmf-dist/tex/latex/parskip/parskip.sty
Package: parskip 2019-01-16 v2.0c non-zero parskip adjustments

(/usr/local/texlive/2019/texmf-dist/tex/latex/oberdiek/kvoptions.sty
Package: kvoptions 2016/05/16 v3.12 Key value format for package options (HO)

(/usr/local/texlive/2019/texmf-dist/tex/generic/oberdiek/ltxcmds.sty
Package: ltxcmds 2016/05/16 v1.23 LaTeX kernel commands for general use (HO)
)
(/usr/local/texlive/2019/texmf-dist/tex/generic/oberdiek/kvsetkeys.sty
Package: kvsetkeys 2016/05/16 v1.17 Key value parser (HO)

(/usr/local/texlive/2019/texmf-dist/tex/generic/oberdiek/infwarerr.sty
Package: infwarerr 2016/05/16 v1.4 Providing info/warning/error messages (HO)
)
(/usr/local/texlive/2019/texmf-dist/tex/generic/oberdiek/etexcmds.sty
Package: etexcmds 2016/05/16 v1.6 Avoid name clashes with e-TeX commands (HO)
)))
(/usr/local/texlive/2019/texmf-dist/tex/latex/etoolbox/etoolbox.sty
Package: etoolbox 2018/08/19 v2.5f e-TeX tools for LaTeX (JAW)
\etb@tempcnta=\count103
))
(/usr/local/texlive/2019/texmf-dist/tex/latex/hyperref/hyperref.sty
Package: hyperref 2018/11/30 v6.88e Hypertext links for LaTeX

(/usr/local/texlive/2019/texmf-dist/tex/generic/oberdiek/hobsub-hyperref.sty
Package: hobsub-hyperref 2016/05/16 v1.14 Bundle oberdiek, subset hyperref (HO)


(/usr/local/texlive/2019/texmf-dist/tex/generic/oberdiek/hobsub-generic.sty
Package: hobsub-generic 2016/05/16 v1.14 Bundle oberdiek, subset generic (HO)
Package: hobsub 2016/05/16 v1.14 Construct package bundles (HO)
Package hobsub Info: Skipping package `infwarerr' (already loaded).
Package hobsub Info: Skipping package `ltxcmds' (already loaded).
Package hobsub Info: Skipping package `ifluatex' (already loaded).
Package: ifvtex 2016/05/16 v1.6 Detect VTeX and its facilities (HO)
Package ifvtex Info: VTeX not detected.
Package: intcalc 2016/05/16 v1.2 Expandable calculations with integers (HO)
Package: ifpdf 2018/09/07 v3.3 Provides the ifpdf switch
Package hobsub Info: Skipping package `etexcmds' (already loaded).
Package hobsub Info: Skipping package `kvsetkeys' (already loaded).
Package: kvdefinekeys 2016/05/16 v1.4 Define keys (HO)
Package: pdftexcmds 2018/09/10 v0.29 Utility functions of pdfTeX for LuaTeX (HO
)
Package pdftexcmds Info: LuaTeX not detected.
Package pdftexcmds Info: \pdf@primitive is available.
Package pdftexcmds Info: \pdf@ifprimitive is available.
Package pdftexcmds Info: \pdfdraftmode found.
Package: pdfescape 2016/05/16 v1.14 Implements pdfTeX's escape features (HO)
Package: bigintcalc 2016/05/16 v1.4 Expandable calculations on big integers (HO
)
Package: bitset 2016/05/16 v1.2 Handle bit-vector datatype (HO)
Package: uniquecounter 2016/05/16 v1.3 Provide unlimited unique counter (HO)
)
Package hobsub Info: Skipping package `hobsub' (already loaded).
Package: letltxmacro 2016/05/16 v1.5 Let assignment for LaTeX macros (HO)
Package: hopatch 2016/05/16 v1.3 Wrapper for package hooks (HO)
Package: xcolor-patch 2016/05/16 xcolor patch
Package: atveryend 2016/05/16 v1.9 Hooks at the very end of document (HO)
Package: atbegshi 2016/06/09 v1.18 At begin shipout hook (HO)
Package: refcount 2016/05/16 v3.5 Data extraction from label references (HO)
Package: hycolor 2016/05/16 v1.8 Color options for hyperref/bookmark (HO)
)
(/usr/local/texlive/2019/texmf-dist/tex/latex/oberdiek/auxhook.sty
Package: auxhook 2016/05/16 v1.4 Hooks for auxiliary files (HO)
)
\@linkdim=\dimen113
\Hy@linkcounter=\count104
\Hy@pagecounter=\count105

(/usr/local/texlive/2019/texmf-dist/tex/latex/hyperref/pd1enc.def
File: pd1enc.def 2018/11/30 v6.88e Hyperref: PDFDocEncoding definition (HO)
Now handling font encoding PD1 ...
... no UTF-8 mapping file for font encoding PD1
)
\Hy@SavedSpaceFactor=\count106

(/usr/local/texlive/2019/texmf-dist/tex/latex/latexconfig/hyperref.cfg
File: hyperref.cfg 2002/06/06 v1.2 hyperref configuration of TeXLive
)
Package hyperref Info: Option `unicode' set `true' on input line 4393.

(/usr/local/texlive/2019/texmf-dist/tex/latex/hyperref/puenc.def
File: puenc.def 2018/11/30 v6.88e Hyperref: PDF Unicode definition (HO)
Now handling font encoding PU ...
... no UTF-8 mapping file for font encoding PU
)
Package hyperref Info: Hyper figures OFF on input line 4519.
Package hyperref Info: Link nesting OFF on input line 4524.
Package hyperref Info: Hyper index ON on input line 4527.
Package hyperref Info: Plain pages OFF on input line 4534.
Package hyperref Info: Backreferencing OFF on input line 4539.
Package hyperref Info: Implicit mode ON; LaTeX internals redefined.
Package hyperref Info: Bookmarks ON on input line 4772.
\c@Hy@tempcnt=\count107

(/usr/local/texlive/2019/texmf-dist/tex/latex/url/url.sty
\Urlmuskip=\muskip11
Package: url 2013/09/16  ver 3.4  Verb mode for urls, etc.
)
LaTeX Info: Redefining \url on input line 5125.
\XeTeXLinkMargin=\dimen114
\Fld@menulength=\count108
\Field@Width=\dimen115
\Fld@charsize=\dimen116
Package hyperref Info: Hyper figures OFF on input line 6380.
Package hyperref Info: Link nesting OFF on input line 6385.
Package hyperref Info: Hyper index ON on input line 6388.
Package hyperref Info: backreferencing OFF on input line 6395.
Package hyperref Info: Link coloring OFF on input line 6400.
Package hyperref Info: Link coloring with OCG OFF on input line 6405.
Package hyperref Info: PDF/A mode OFF on input line 6410.
LaTeX Info: Redefining \ref on input line 6450.
LaTeX Info: Redefining \pageref on input line 6454.
\Hy@abspage=\count109
\c@Item=\count110
\c@Hfootnote=\count111
)
Package hyperref Info: Driver (autodetected): hpdftex.

(/usr/local/texlive/2019/texmf-dist/tex/latex/hyperref/hpdftex.def
File: hpdftex.def 2018/11/30 v6.88e Hyperref driver for pdfTeX
\Fld@listcount=\count112
\c@bookmark@seq@number=\count113

(/usr/local/texlive/2019/texmf-dist/tex/latex/oberdiek/rerunfilecheck.sty
Package: rerunfilecheck 2016/05/16 v1.8 Rerun checks for auxiliary files (HO)
Package uniquecounter Info: New unique counter `rerunfilecheck' on input line 2
82.
)
\Hy@SectionHShift=\skip47
)
Package hyperref Info: Option `breaklinks' set `true' on input line 35.

(/usr/local/texlive/2019/texmf-dist/tex/latex/graphics/color.sty
Package: color 2016/07/10 v1.1e Standard LaTeX Color (DPC)

(/usr/local/texlive/2019/texmf-dist/tex/latex/graphics-cfg/color.cfg
File: color.cfg 2016/01/02 v1.6 sample color configuration
)
Package color Info: Driver file: pdftex.def on input line 147.

(/usr/local/texlive/2019/texmf-dist/tex/latex/graphics-def/pdftex.def
File: pdftex.def 2018/01/08 v1.0l Graphics/color driver for pdftex
))
(/usr/local/texlive/2019/texmf-dist/tex/latex/fancyvrb/fancyvrb.sty
Package: fancyvrb 2019/01/15

Style option: `fancyvrb' v3.2a <2019/01/15> (tvz)
\FV@CodeLineNo=\count114
\FV@InFile=\read1
\FV@TabBox=\box29
\c@FancyVerbLine=\count115
\FV@StepNumber=\count116
\FV@OutFile=\write3
)
(/usr/local/texlive/2019/texmf-dist/tex/latex/framed/framed.sty
Package: framed 2011/10/22 v 0.96: framed or shaded text with page breaks
\OuterFrameSep=\skip48
\fb@frw=\dimen117
\fb@frh=\dimen118
\FrameRule=\dimen119
\FrameSep=\dimen120
)
(/usr/local/texlive/2019/texmf-dist/tex/latex/tools/longtable.sty
Package: longtable 2014/10/28 v4.11 Multi-page Table package (DPC)+ FMi change
\LTleft=\skip49
\LTright=\skip50
\LTpre=\skip51
\LTpost=\skip52
\LTchunksize=\count117
\LTcapwidth=\dimen121
\LT@head=\box30
\LT@firsthead=\box31
\LT@foot=\box32
\LT@lastfoot=\box33
\LT@cols=\count118
\LT@rows=\count119
\c@LT@tables=\count120
\c@LT@chunks=\count121
\LT@p@ftn=\toks24
)
(/usr/local/texlive/2019/texmf-dist/tex/latex/booktabs/booktabs.sty
Package: booktabs 2016/04/27 v1.618033 publication quality tables
\heavyrulewidth=\dimen122
\lightrulewidth=\dimen123
\cmidrulewidth=\dimen124
\belowrulesep=\dimen125
\belowbottomsep=\dimen126
\aboverulesep=\dimen127
\abovetopsep=\dimen128
\cmidrulesep=\dimen129
\cmidrulekern=\dimen130
\defaultaddspace=\dimen131
\@cmidla=\count122
\@cmidlb=\count123
\@aboverulesep=\dimen132
\@belowrulesep=\dimen133
\@thisruleclass=\count124
\@lastruleclass=\count125
\@thisrulewidth=\dimen134
)
(/usr/local/texlive/2019/texmf-dist/tex/latex/mdwtools/footnote.sty
Package: footnote 1997/01/28 1.13 Save footnotes around boxes
\fn@notes=\box34
\fn@width=\dimen135
)
(/usr/local/texlive/2019/texmf-dist/tex/latex/graphics/graphicx.sty
Package: graphicx 2017/06/01 v1.1a Enhanced LaTeX Graphics (DPC,SPQR)

(/usr/local/texlive/2019/texmf-dist/tex/latex/graphics/graphics.sty
Package: graphics 2017/06/25 v1.2c Standard LaTeX Graphics (DPC,SPQR)

(/usr/local/texlive/2019/texmf-dist/tex/latex/graphics/trig.sty
Package: trig 2016/01/03 v1.10 sin cos tan (DPC)
)
(/usr/local/texlive/2019/texmf-dist/tex/latex/graphics-cfg/graphics.cfg
File: graphics.cfg 2016/06/04 v1.11 sample graphics configuration
)
Package graphics Info: Driver file: pdftex.def on input line 99.
)
\Gin@req@height=\dimen136
\Gin@req@width=\dimen137
)
(/usr/local/texlive/2019/texmf-dist/tex/latex/oberdiek/grffile.sty
Package: grffile 2017/06/30 v1.18 Extended file name support for graphics (HO)
Package grffile Info: Option `multidot' is set to `true'.
Package grffile Info: Option `extendedchars' is set to `false'.
Package grffile Info: Option `space' is set to `true'.
Package grffile Info: \Gin@ii of package `graphicx' fixed on input line 494.
)
(/usr/local/texlive/2019/texmf-dist/tex/latex/amscls/amsthm.sty
Package: amsthm 2017/10/31 v2.20.4
\thm@style=\toks25
\thm@bodyfont=\toks26
\thm@headfont=\toks27
\thm@notefont=\toks28
\thm@headpunct=\toks29
\thm@preskip=\skip53
\thm@postskip=\skip54
\thm@headsep=\skip55
\dth@everypar=\toks30
)
(/usr/local/texlive/2019/texmf-dist/tex/latex/natbib/natbib.sty
Package: natbib 2010/09/13 8.31b (PWD, AO)
\bibhang=\skip56
\bibsep=\skip57
LaTeX Info: Redefining \cite on input line 694.
\c@NAT@ctr=\count126
)
(./bookdown-demo.aux)
\openout1 = `bookdown-demo.aux'.

LaTeX Font Info:    Checking defaults for OML/cmm/m/it on input line 123.
LaTeX Font Info:    ... okay on input line 123.
LaTeX Font Info:    Checking defaults for T1/cmr/m/n on input line 123.
LaTeX Font Info:    ... okay on input line 123.
LaTeX Font Info:    Checking defaults for OT1/cmr/m/n on input line 123.
LaTeX Font Info:    ... okay on input line 123.
LaTeX Font Info:    Checking defaults for OMS/cmsy/m/n on input line 123.
LaTeX Font Info:    ... okay on input line 123.
LaTeX Font Info:    Checking defaults for OMX/cmex/m/n on input line 123.
LaTeX Font Info:    ... okay on input line 123.
LaTeX Font Info:    Checking defaults for U/cmr/m/n on input line 123.
LaTeX Font Info:    ... okay on input line 123.
LaTeX Font Info:    Checking defaults for TS1/cmr/m/n on input line 123.
LaTeX Font Info:    Try loading font information for TS1+cmr on input line 123.


(/usr/local/texlive/2019/texmf-dist/tex/latex/base/ts1cmr.fd
File: ts1cmr.fd 2014/09/29 v2.5h Standard LaTeX font definitions
)
LaTeX Font Info:    ... okay on input line 123.
LaTeX Font Info:    Checking defaults for PD1/pdf/m/n on input line 123.
LaTeX Font Info:    ... okay on input line 123.
LaTeX Font Info:    Checking defaults for PU/pdf/m/n on input line 123.
LaTeX Font Info:    ... okay on input line 123.
LaTeX Font Info:    Try loading font information for T1+lmr on input line 123.

(/usr/local/texlive/2019/texmf-dist/tex/latex/lm/t1lmr.fd
File: t1lmr.fd 2009/10/30 v1.6 Font defs for Latin Modern
)
LaTeX Info: Redefining \microtypecontext on input line 123.
Package microtype Info: Generating PDF output.
Package microtype Info: Character protrusion enabled (level 2).
Package microtype Info: Using protrusion set `basicmath'.
Package microtype Info: Automatic font expansion enabled (level 2),
(microtype)             stretch: 20, shrink: 20, step: 1, non-selected.
Package microtype Info: Using default expansion set `basictext'.
Package microtype Info: No adjustment of tracking.
Package microtype Info: No adjustment of interword spacing.
Package microtype Info: No adjustment of character kerning.

(/usr/local/texlive/2019/texmf-dist/tex/latex/microtype/mt-cmr.cfg
File: mt-cmr.cfg 2013/05/19 v2.2 microtype config. file: Computer Modern Roman 
(RS)
)
\AtBeginShipoutBox=\box35
Package hyperref Info: Link coloring OFF on input line 123.

(/usr/local/texlive/2019/texmf-dist/tex/latex/hyperref/nameref.sty
Package: nameref 2016/05/21 v2.44 Cross-referencing by name of section

(/usr/local/texlive/2019/texmf-dist/tex/generic/oberdiek/gettitlestring.sty
Package: gettitlestring 2016/05/16 v1.5 Cleanup title references (HO)
)
\c@section@level=\count127
)
LaTeX Info: Redefining \ref on input line 123.
LaTeX Info: Redefining \pageref on input line 123.
LaTeX Info: Redefining \nameref on input line 123.

(./bookdown-demo.out) (./bookdown-demo.out)
\@outlinefile=\write4
\openout4 = `bookdown-demo.out'.


(/usr/local/texlive/2019/texmf-dist/tex/context/base/mkii/supp-pdf.mkii
[Loading MPS to PDF converter (version 2006.09.02).]
\scratchcounter=\count128
\scratchdimen=\dimen138
\scratchbox=\box36
\nofMPsegments=\count129
\nofMParguments=\count130
\everyMPshowfont=\toks31
\MPscratchCnt=\count131
\MPscratchDim=\dimen139
\MPnumerator=\count132
\makeMPintoPDFobject=\count133
\everyMPtoPDFconversion=\toks32
) (/usr/local/texlive/2019/texmf-dist/tex/latex/oberdiek/epstopdf-base.sty
Package: epstopdf-base 2016/05/15 v2.6 Base part for package epstopdf

(/usr/local/texlive/2019/texmf-dist/tex/latex/oberdiek/grfext.sty
Package: grfext 2016/05/16 v1.2 Manage graphics extensions (HO)
)
Package epstopdf-base Info: Redefining graphics rule for `.eps' on input line 4
38.
Package grfext Info: Graphics extension search list:
(grfext)             [.pdf,.png,.jpg,.mps,.jpeg,.jbig2,.jb2,.PDF,.PNG,.JPG,.JPE
G,.JBIG2,.JB2,.eps]
(grfext)             \AppendGraphicsExtensions on input line 456.

(/usr/local/texlive/2019/texmf-dist/tex/latex/latexconfig/epstopdf-sys.cfg
File: epstopdf-sys.cfg 2010/07/13 v1.3 Configuration of (r)epstopdf for TeX Liv
e
))

! Package inputenc Error: Unicode character ËØ≠ (U+8BED)
(inputenc)                not set up for use with LaTeX.

See the inputenc package documentation for explanation.
Type  H <return>  for immediate help.
 ...                                              
                                                  
l.125 
      
You may provide a definition with
\DeclareUnicodeCharacter 


! Package inputenc Error: Unicode character Ë®Ä (U+8A00)
(inputenc)                not set up for use with LaTeX.

See the inputenc package documentation for explanation.
Type  H <return>  for immediate help.
 ...                                              
                                                  
l.125 
      
You may provide a definition with
\DeclareUnicodeCharacter 


! Package inputenc Error: Unicode character Êï∞ (U+6570)
(inputenc)                not set up for use with LaTeX.

See the inputenc package documentation for explanation.
Type  H <return>  for immediate help.
 ...                                              
                                                  
l.125 
      
You may provide a definition with
\DeclareUnicodeCharacter 


! Package inputenc Error: Unicode character ÊçÆ (U+636E)
(inputenc)                not set up for use with LaTeX.

See the inputenc package documentation for explanation.
Type  H <return>  for immediate help.
 ...                                              
                                                  
l.125 
      
You may provide a definition with
\DeclareUnicodeCharacter 


! Package inputenc Error: Unicode character Áßë (U+79D1)
(inputenc)                not set up for use with LaTeX.

See the inputenc package documentation for explanation.
Type  H <return>  for immediate help.
 ...                                              
                                                  
l.125 
      
You may provide a definition with
\DeclareUnicodeCharacter 


! Package inputenc Error: Unicode character Â≠¶ (U+5B66)
(inputenc)                not set up for use with LaTeX.

See the inputenc package documentation for explanation.
Type  H <return>  for immediate help.
 ...                                              
                                                  
l.125 
      
You may provide a definition with
\DeclareUnicodeCharacter 


! Package inputenc Error: Unicode character Êïô (U+6559)
(inputenc)                not set up for use with LaTeX.

See the inputenc package documentation for explanation.
Type  H <return>  for immediate help.
 ...                                              
                                                  
l.125 
      
You may provide a definition with
\DeclareUnicodeCharacter 


! Package inputenc Error: Unicode character Á®ã (U+7A0B)
(inputenc)                not set up for use with LaTeX.

See the inputenc package documentation for explanation.
Type  H <return>  for immediate help.
 ...                                              
                                                  
l.125 
      
You may provide a definition with
\DeclareUnicodeCharacter 

LaTeX Font Info:    Try loading font information for OT1+lmr on input line 125.

(/usr/local/texlive/2019/texmf-dist/tex/latex/lm/ot1lmr.fd
File: ot1lmr.fd 2009/10/30 v1.6 Font defs for Latin Modern
)
LaTeX Font Info:    Try loading font information for OML+lmm on input line 125.


(/usr/local/texlive/2019/texmf-dist/tex/latex/lm/omllmm.fd
File: omllmm.fd 2009/10/30 v1.6 Font defs for Latin Modern
)
LaTeX Font Info:    Try loading font information for OMS+lmsy on input line 125
.

(/usr/local/texlive/2019/texmf-dist/tex/latex/lm/omslmsy.fd
File: omslmsy.fd 2009/10/30 v1.6 Font defs for Latin Modern
)
LaTeX Font Info:    Try loading font information for OMX+lmex on input line 125
.

(/usr/local/texlive/2019/texmf-dist/tex/latex/lm/omxlmex.fd
File: omxlmex.fd 2009/10/30 v1.6 Font defs for Latin Modern
)
LaTeX Font Info:    External font `lmex10' loaded for size
(Font)              <12> on input line 125.
LaTeX Font Info:    External font `lmex10' loaded for size
(Font)              <8> on input line 125.
LaTeX Font Info:    External font `lmex10' loaded for size
(Font)              <6> on input line 125.
LaTeX Font Info:    Try loading font information for U+msa on input line 125.

(/usr/local/texlive/2019/texmf-dist/tex/latex/amsfonts/umsa.fd
File: umsa.fd 2013/01/14 v3.01 AMS symbols A
)
(/usr/local/texlive/2019/texmf-dist/tex/latex/microtype/mt-msa.cfg
File: mt-msa.cfg 2006/02/04 v1.1 microtype config. file: AMS symbols (a) (RS)
)
LaTeX Font Info:    Try loading font information for U+msb on input line 125.

(/usr/local/texlive/2019/texmf-dist/tex/latex/amsfonts/umsb.fd
File: umsb.fd 2013/01/14 v3.01 AMS symbols B
)
(/usr/local/texlive/2019/texmf-dist/tex/latex/microtype/mt-msb.cfg
File: mt-msb.cfg 2005/06/01 v1.0 microtype config. file: AMS symbols (b) (RS)
)

! Package inputenc Error: Unicode character Èôà (U+9648)
(inputenc)                not set up for use with LaTeX.

See the inputenc package documentation for explanation.
Type  H <return>  for immediate help.
 ...                                              
                                                  
l.125 
      
You may provide a definition with
\DeclareUnicodeCharacter 


! Package inputenc Error: Unicode character Â±Ö (U+5C45)
(inputenc)                not set up for use with LaTeX.

See the inputenc package documentation for explanation.
Type  H <return>  for immediate help.
 ...                                              
                                                  
l.125 
      
You may provide a definition with
\DeclareUnicodeCharacter 


! Package inputenc Error: Unicode character Âº∫ (U+5F3A)
(inputenc)                not set up for use with LaTeX.

See the inputenc package documentation for explanation.
Type  H <return>  for immediate help.
 ...                                              
                                                  
l.125 
      
You may provide a definition with
\DeclareUnicodeCharacter 

[1


{/usr/local/texlive/2019/texmf-var/fonts/map/pdftex/updmap/pdftex.map}]
[2

] (./bookdown-demo.toc)
\tf@toc=\write5
\openout5 = `bookdown-demo.toc'.

 [3] [4

]
Chapter 1.

! Package inputenc Error: Unicode character Á¨¨ (U+7B2C)
(inputenc)                not set up for use with LaTeX.

See the inputenc package documentation for explanation.
Type  H <return>  for immediate help.
 ...                                              
                                                  
l.131 ...}\label{ux7b2cux4e00ux7ae0-ux7eeaux8bba}}
                                                  
You may provide a definition with
\DeclareUnicodeCharacter 


! Package inputenc Error: Unicode character ‰∏Ä (U+4E00)
(inputenc)                not set up for use with LaTeX.

See the inputenc package documentation for explanation.
Type  H <return>  for immediate help.
 ...                                              
                                                  
l.131 ...}\label{ux7b2cux4e00ux7ae0-ux7eeaux8bba}}
                                                  
You may provide a definition with
\DeclareUnicodeCharacter 


! Package inputenc Error: Unicode character Á´† (U+7AE0)
(inputenc)                not set up for use with LaTeX.

See the inputenc package documentation for explanation.
Type  H <return>  for immediate help.
 ...                                              
                                                  
l.131 ...}\label{ux7b2cux4e00ux7ae0-ux7eeaux8bba}}
                                                  
You may provide a definition with
\DeclareUnicodeCharacter 


! Package inputenc Error: Unicode character Áª™ (U+7EEA)
(inputenc)                not set up for use with LaTeX.

See the inputenc package documentation for explanation.
Type  H <return>  for immediate help.
 ...                                              
                                                  
l.131 ...}\label{ux7b2cux4e00ux7ae0-ux7eeaux8bba}}
                                                  
You may provide a definition with
\DeclareUnicodeCharacter 


! Package inputenc Error: Unicode character ËÆ∫ (U+8BBA)
(inputenc)                not set up for use with LaTeX.

See the inputenc package documentation for explanation.
Type  H <return>  for immediate help.
 ...                                              
                                                  
l.131 ...}\label{ux7b2cux4e00ux7ae0-ux7eeaux8bba}}
                                                  
You may provide a definition with
\DeclareUnicodeCharacter 


! Package inputenc Error: Unicode character Êï∞ (U+6570)
(inputenc)                not set up for use with LaTeX.

See the inputenc package documentation for explanation.
Type  H <return>  for immediate help.
 ...                                              
                                                  
l.136 ...570ux636eux4e0eux6570ux636eux79d1ux5b66}}
                                                  
You may provide a definition with
\DeclareUnicodeCharacter 


! Package inputenc Error: Unicode character ÊçÆ (U+636E)
(inputenc)                not set up for use with LaTeX.

See the inputenc package documentation for explanation.
Type  H <return>  for immediate help.
 ...                                              
                                                  
l.136 ...570ux636eux4e0eux6570ux636eux79d1ux5b66}}
                                                  
You may provide a definition with
\DeclareUnicodeCharacter 


! Package inputenc Error: Unicode character ‰∏é (U+4E0E)
(inputenc)                not set up for use with LaTeX.

See the inputenc package documentation for explanation.
Type  H <return>  for immediate help.
 ...                                              
                                                  
l.136 ...570ux636eux4e0eux6570ux636eux79d1ux5b66}}
                                                  
You may provide a definition with
\DeclareUnicodeCharacter 


! Package inputenc Error: Unicode character Êï∞ (U+6570)
(inputenc)                not set up for use with LaTeX.

See the inputenc package documentation for explanation.
Type  H <return>  for immediate help.
 ...                                              
                                                  
l.136 ...570ux636eux4e0eux6570ux636eux79d1ux5b66}}
                                                  
You may provide a definition with
\DeclareUnicodeCharacter 


! Package inputenc Error: Unicode character ÊçÆ (U+636E)
(inputenc)                not set up for use with LaTeX.

See the inputenc package documentation for explanation.
Type  H <return>  for immediate help.
 ...                                              
                                                  
l.136 ...570ux636eux4e0eux6570ux636eux79d1ux5b66}}
                                                  
You may provide a definition with
\DeclareUnicodeCharacter 


! Package inputenc Error: Unicode character Áßë (U+79D1)
(inputenc)                not set up for use with LaTeX.

See the inputenc package documentation for explanation.
Type  H <return>  for immediate help.
 ...                                              
                                                  
l.136 ...570ux636eux4e0eux6570ux636eux79d1ux5b66}}
                                                  
You may provide a definition with
\DeclareUnicodeCharacter 


! Package inputenc Error: Unicode character Â≠¶ (U+5B66)
(inputenc)                not set up for use with LaTeX.

See the inputenc package documentation for explanation.
Type  H <return>  for immediate help.
 ...                                              
                                                  
l.136 ...570ux636eux4e0eux6570ux636eux79d1ux5b66}}
                                                  
You may provide a definition with
\DeclareUnicodeCharacter 


! Package inputenc Error: Unicode character Êàë (U+6211)
(inputenc)                not set up for use with LaTeX.

See the inputenc package documentation for explanation.
Type  H <return>  for immediate help.
 ...                                              
                                                  
l.138 Êàë
         ‰ª¨ÁöÑÁîüÊ¥ª‰∏≠ÈÉΩÂÖÖÊª°‰∫ÜÊï∞ÊçÆ„ÄÇ‰∏çÁÆ°ÊòØÂê¶ÊÑèËØÜÂà∞ÔºåÊàë‰ª¨Ê...

You may provide a definition with
\DeclareUnicodeCharacter 


! Package inputenc Error: Unicode character ‰ª¨ (U+4EEC)
(inputenc)                not set up for use with LaTeX.

See the inputenc package documentation for explanation.
Type  H <return>  for immediate help.
 ...                                              
                                                  
l.138 Êàë‰ª¨
            ÁöÑÁîüÊ¥ª‰∏≠ÈÉΩÂÖÖÊª°‰∫ÜÊï∞ÊçÆ„ÄÇ‰∏çÁÆ°ÊòØÂê¶ÊÑèËØÜÂà∞ÔºåÊàë‰ª¨Ê...

You may provide a definition with
\DeclareUnicodeCharacter 


! Package inputenc Error: Unicode character ÁöÑ (U+7684)
(inputenc)                not set up for use with LaTeX.

See the inputenc package documentation for explanation.
Type  H <return>  for immediate help.
 ...                                              
                                                  
l.138 Êàë‰ª¨ÁöÑ
               ÁîüÊ¥ª‰∏≠ÈÉΩÂÖÖÊª°‰∫ÜÊï∞ÊçÆ„ÄÇ‰∏çÁÆ°ÊòØÂê¶ÊÑèËØÜÂà∞ÔºåÊàë‰ª¨Ê...

You may provide a definition with
\DeclareUnicodeCharacter 


! Package inputenc Error: Unicode character Áîü (U+751F)
(inputenc)                not set up for use with LaTeX.

See the inputenc package documentation for explanation.
Type  H <return>  for immediate help.
 ...                                              
                                                  
l.138 Êàë‰ª¨ÁöÑÁîü
                  Ê¥ª‰∏≠ÈÉΩÂÖÖÊª°‰∫ÜÊï∞ÊçÆ„ÄÇ‰∏çÁÆ°ÊòØÂê¶ÊÑèËØÜÂà∞ÔºåÊàë‰ª¨Ê...

You may provide a definition with
\DeclareUnicodeCharacter 


! Package inputenc Error: Unicode character Ê¥ª (U+6D3B)
(inputenc)                not set up for use with LaTeX.

See the inputenc package documentation for explanation.
Type  H <return>  for immediate help.
 ...                                              
                                                  
l.138 Êàë‰ª¨ÁöÑÁîüÊ¥ª
                     ‰∏≠ÈÉΩÂÖÖÊª°‰∫ÜÊï∞ÊçÆ„ÄÇ‰∏çÁÆ°ÊòØÂê¶ÊÑèËØÜÂà∞ÔºåÊàë‰ª¨Ê...

You may provide a definition with
\DeclareUnicodeCharacter 


! Package inputenc Error: Unicode character ‰∏≠ (U+4E2D)
(inputenc)                not set up for use with LaTeX.

See the inputenc package documentation for explanation.
Type  H <return>  for immediate help.
 ...                                              
                                                  
l.138 Êàë‰ª¨ÁöÑÁîüÊ¥ª‰∏≠
                        ÈÉΩÂÖÖÊª°‰∫ÜÊï∞ÊçÆ„ÄÇ‰∏çÁÆ°ÊòØÂê¶ÊÑèËØÜÂà∞ÔºåÊàë‰ª¨Ê...

You may provide a definition with
\DeclareUnicodeCharacter 


! Package inputenc Error: Unicode character ÈÉΩ (U+90FD)
(inputenc)                not set up for use with LaTeX.

See the inputenc package documentation for explanation.
Type  H <return>  for immediate help.
 ...                                              
                                                  
l.138 Êàë‰ª¨ÁöÑÁîüÊ¥ª‰∏≠ÈÉΩ
                           ÂÖÖÊª°‰∫ÜÊï∞ÊçÆ„ÄÇ‰∏çÁÆ°ÊòØÂê¶ÊÑèËØÜÂà∞ÔºåÊàë‰ª¨Ê...

You may provide a definition with
\DeclareUnicodeCharacter 


! Package inputenc Error: Unicode character ÂÖÖ (U+5145)
(inputenc)                not set up for use with LaTeX.

See the inputenc package documentation for explanation.
Type  H <return>  for immediate help.
 ...                                              
                                                  
l.138 Êàë‰ª¨ÁöÑÁîüÊ¥ª‰∏≠ÈÉΩÂÖÖ
                              Êª°‰∫ÜÊï∞ÊçÆ„ÄÇ‰∏çÁÆ°ÊòØÂê¶ÊÑèËØÜÂà∞ÔºåÊàë‰ª¨Ê...

You may provide a definition with
\DeclareUnicodeCharacter 


! Package inputenc Error: Unicode character Êª° (U+6EE1)
(inputenc)                not set up for use with LaTeX.

See the inputenc package documentation for explanation.
Type  H <return>  for immediate help.
 ...                                              
                                                  
l.138 Êàë‰ª¨ÁöÑÁîüÊ¥ª‰∏≠ÈÉΩÂÖÖÊª°
                                 ‰∫ÜÊï∞ÊçÆ„ÄÇ‰∏çÁÆ°ÊòØÂê¶ÊÑèËØÜÂà∞ÔºåÊàë‰ª¨Ê...

You may provide a definition with
\DeclareUnicodeCharacter 


! Package inputenc Error: Unicode character ‰∫Ü (U+4E86)
(inputenc)                not set up for use with LaTeX.

See the inputenc package documentation for explanation.
Type  H <return>  for immediate help.
 ...                                              
                                                  
l.138 Êàë‰ª¨ÁöÑÁîüÊ¥ª‰∏≠ÈÉΩÂÖÖÊª°‰∫Ü
                                    Êï∞ÊçÆ„ÄÇ‰∏çÁÆ°ÊòØÂê¶ÊÑèËØÜÂà∞ÔºåÊàë‰ª¨Ê...

You may provide a definition with
\DeclareUnicodeCharacter 


! Package inputenc Error: Unicode character Êï∞ (U+6570)
(inputenc)                not set up for use with LaTeX.

See the inputenc package documentation for explanation.
Type  H <return>  for immediate help.
 ...                                              
                                                  
l.138 Êàë‰ª¨ÁöÑÁîüÊ¥ª‰∏≠ÈÉΩÂÖÖÊª°‰∫ÜÊï∞
                                       ÊçÆ„ÄÇ‰∏çÁÆ°ÊòØÂê¶ÊÑèËØÜÂà∞ÔºåÊàë‰ª¨Ê...

You may provide a definition with
\DeclareUnicodeCharacter 


! Package inputenc Error: Unicode character ÊçÆ (U+636E)
(inputenc)                not set up for use with LaTeX.

See the inputenc package documentation for explanation.
Type  H <return>  for immediate help.
 ...                                              
                                                  
l.138 Êàë‰ª¨ÁöÑÁîüÊ¥ª‰∏≠ÈÉΩÂÖÖÊª°‰∫ÜÊï∞ÊçÆ
                                          „ÄÇ‰∏çÁÆ°ÊòØÂê¶ÊÑèËØÜÂà∞ÔºåÊàë‰ª¨Ê...

You may provide a definition with
\DeclareUnicodeCharacter 


! Package inputenc Error: Unicode character „ÄÇ (U+3002)
(inputenc)                not set up for use with LaTeX.

See the inputenc package documentation for explanation.
Type  H <return>  for immediate help.
 ...                                              
                                                  
l.138 Êàë‰ª¨ÁöÑÁîüÊ¥ª‰∏≠ÈÉΩÂÖÖÊª°‰∫ÜÊï∞ÊçÆ„ÄÇ
                                             ‰∏çÁÆ°ÊòØÂê¶ÊÑèËØÜÂà∞ÔºåÊàë‰ª¨Ê...

You may provide a definition with
\DeclareUnicodeCharacter 


! Package inputenc Error: Unicode character ‰∏ç (U+4E0D)
(inputenc)                not set up for use with LaTeX.

See the inputenc package documentation for explanation.
Type  H <return>  for immediate help.
 ...                                              
                                                  
l.138 Êàë‰ª¨ÁöÑÁîüÊ¥ª‰∏≠ÈÉΩÂÖÖÊª°‰∫ÜÊï∞ÊçÆ„ÄÇ‰∏ç
                                                ÁÆ°ÊòØÂê¶ÊÑèËØÜÂà∞ÔºåÊàë‰ª¨Ê...

You may provide a definition with
\DeclareUnicodeCharacter 


! Package inputenc Error: Unicode character ÁÆ° (U+7BA1)
(inputenc)                not set up for use with LaTeX.

See the inputenc package documentation for explanation.
Type  H <return>  for immediate help.
 ...                                              
                                                  
l.138 ...ª¨ÁöÑÁîüÊ¥ª‰∏≠ÈÉΩÂÖÖÊª°‰∫ÜÊï∞ÊçÆ„ÄÇ‰∏çÁÆ°
                                                  ÊòØÂê¶ÊÑèËØÜÂà∞ÔºåÊàë‰ª¨ÊØ...

You may provide a definition with
\DeclareUnicodeCharacter 


! Package inputenc Error: Unicode character ÊòØ (U+662F)
(inputenc)                not set up for use with LaTeX.

See the inputenc package documentation for explanation.
Type  H <return>  for immediate help.
 ...                                              
                                                  
l.138 ...öÑÁîüÊ¥ª‰∏≠ÈÉΩÂÖÖÊª°‰∫ÜÊï∞ÊçÆ„ÄÇ‰∏çÁÆ°ÊòØ
                                                  Âê¶ÊÑèËØÜÂà∞ÔºåÊàë‰ª¨ÊØèÊó...

You may provide a definition with
\DeclareUnicodeCharacter 


! Package inputenc Error: Unicode character Âê¶ (U+5426)
(inputenc)                not set up for use with LaTeX.

See the inputenc package documentation for explanation.
Type  H <return>  for immediate help.
 ...                                              
                                                  
l.138 ...îüÊ¥ª‰∏≠ÈÉΩÂÖÖÊª°‰∫ÜÊï∞ÊçÆ„ÄÇ‰∏çÁÆ°ÊòØÂê¶
                                                  ÊÑèËØÜÂà∞ÔºåÊàë‰ª¨ÊØèÊó∂ÊØ...

You may provide a definition with
\DeclareUnicodeCharacter 


! Package inputenc Error: Unicode character ÊÑè (U+610F)
(inputenc)                not set up for use with LaTeX.

See the inputenc package documentation for explanation.
Type  H <return>  for immediate help.
 ...                                              
                                                  
l.138 ...¥ª‰∏≠ÈÉΩÂÖÖÊª°‰∫ÜÊï∞ÊçÆ„ÄÇ‰∏çÁÆ°ÊòØÂê¶ÊÑè
                                                  ËØÜÂà∞ÔºåÊàë‰ª¨ÊØèÊó∂ÊØèÂà...

You may provide a definition with
\DeclareUnicodeCharacter 


! Package inputenc Error: Unicode character ËØÜ (U+8BC6)
(inputenc)                not set up for use with LaTeX.

See the inputenc package documentation for explanation.
Type  H <return>  for immediate help.
 ...                                              
                                                  
l.138 ...∏≠ÈÉΩÂÖÖÊª°‰∫ÜÊï∞ÊçÆ„ÄÇ‰∏çÁÆ°ÊòØÂê¶ÊÑèËØÜ
                                                  Âà∞ÔºåÊàë‰ª¨ÊØèÊó∂ÊØèÂàªÈÉ...

You may provide a definition with
\DeclareUnicodeCharacter 


! Package inputenc Error: Unicode character Âà∞ (U+5230)
(inputenc)                not set up for use with LaTeX.

See the inputenc package documentation for explanation.
Type  H <return>  for immediate help.
 ...                                              
                                                  
l.138 ...ÉΩÂÖÖÊª°‰∫ÜÊï∞ÊçÆ„ÄÇ‰∏çÁÆ°ÊòØÂê¶ÊÑèËØÜÂà∞
                                                  ÔºåÊàë‰ª¨ÊØèÊó∂ÊØèÂàªÈÉΩÂú...

You may provide a definition with
\DeclareUnicodeCharacter 


! Package inputenc Error: Unicode character Ôºå (U+FF0C)
(inputenc)                not set up for use with LaTeX.

See the inputenc package documentation for explanation.
Type  H <return>  for immediate help.
 ...                                              
                                                  
l.138 ...ÖÖÊª°‰∫ÜÊï∞ÊçÆ„ÄÇ‰∏çÁÆ°ÊòØÂê¶ÊÑèËØÜÂà∞Ôºå
                                                  Êàë‰ª¨ÊØèÊó∂ÊØèÂàªÈÉΩÂú®‰∫...

You may provide a definition with
\DeclareUnicodeCharacter 


! Package inputenc Error: Unicode character Êàë (U+6211)
(inputenc)                not set up for use with LaTeX.

See the inputenc package documentation for explanation.
Type  H <return>  for immediate help.
 ...                                              
                                                  
l.138 ...ª°‰∫ÜÊï∞ÊçÆ„ÄÇ‰∏çÁÆ°ÊòØÂê¶ÊÑèËØÜÂà∞ÔºåÊàë
                                                  ‰ª¨ÊØèÊó∂ÊØèÂàªÈÉΩÂú®‰∫ßÁî...

You may provide a definition with
\DeclareUnicodeCharacter 


! Package inputenc Error: Unicode character ‰ª¨ (U+4EEC)
(inputenc)                not set up for use with LaTeX.

See the inputenc package documentation for explanation.
Type  H <return>  for immediate help.
 ...                                              
                                                  
l.138 ...∫ÜÊï∞ÊçÆ„ÄÇ‰∏çÁÆ°ÊòØÂê¶ÊÑèËØÜÂà∞ÔºåÊàë‰ª¨
                                                  ÊØèÊó∂ÊØèÂàªÈÉΩÂú®‰∫ßÁîüÊï...

You may provide a definition with
\DeclareUnicodeCharacter 


! Package inputenc Error: Unicode character ÊØè (U+6BCF)
(inputenc)                not set up for use with LaTeX.

See the inputenc package documentation for explanation.
Type  H <return>  for immediate help.
 ...                                              
                                                  
l.138 ...ï∞ÊçÆ„ÄÇ‰∏çÁÆ°ÊòØÂê¶ÊÑèËØÜÂà∞ÔºåÊàë‰ª¨ÊØè
                                                  Êó∂ÊØèÂàªÈÉΩÂú®‰∫ßÁîüÊï∞Êç...

You may provide a definition with
\DeclareUnicodeCharacter 


! Package inputenc Error: Unicode character Êó∂ (U+65F6)
(inputenc)                not set up for use with LaTeX.

See the inputenc package documentation for explanation.
Type  H <return>  for immediate help.
 ...                                              
                                                  
l.138 ...çÆ„ÄÇ‰∏çÁÆ°ÊòØÂê¶ÊÑèËØÜÂà∞ÔºåÊàë‰ª¨ÊØèÊó∂
                                                  ÊØèÂàªÈÉΩÂú®‰∫ßÁîüÊï∞ÊçÆ„ÄÇ
You may provide a definition with
\DeclareUnicodeCharacter 


! Package inputenc Error: Unicode character ÊØè (U+6BCF)
(inputenc)                not set up for use with LaTeX.

See the inputenc package documentation for explanation.
Type  H <return>  for immediate help.
 ...                                              
                                                  
l.138 ...ÄÇ‰∏çÁÆ°ÊòØÂê¶ÊÑèËØÜÂà∞ÔºåÊàë‰ª¨ÊØèÊó∂ÊØè
                                                  ÂàªÈÉΩÂú®‰∫ßÁîüÊï∞ÊçÆ„ÄÇ
You may provide a definition with
\DeclareUnicodeCharacter 


! Package inputenc Error: Unicode character Âàª (U+523B)
(inputenc)                not set up for use with LaTeX.

See the inputenc package documentation for explanation.
Type  H <return>  for immediate help.
 ...                                              
                                                  
l.138 ...∏çÁÆ°ÊòØÂê¶ÊÑèËØÜÂà∞ÔºåÊàë‰ª¨ÊØèÊó∂ÊØèÂàª
                                                  ÈÉΩÂú®‰∫ßÁîüÊï∞ÊçÆ„ÄÇ
You may provide a definition with
\DeclareUnicodeCharacter 


! Package inputenc Error: Unicode character ÈÉΩ (U+90FD)
(inputenc)                not set up for use with LaTeX.

See the inputenc package documentation for explanation.
Type  H <return>  for immediate help.
 ...                                              
                                                  
l.138 ...Æ°ÊòØÂê¶ÊÑèËØÜÂà∞ÔºåÊàë‰ª¨ÊØèÊó∂ÊØèÂàªÈÉΩ
                                                  Âú®‰∫ßÁîüÊï∞ÊçÆ„ÄÇ
You may provide a definition with
\DeclareUnicodeCharacter 


! Package inputenc Error: Unicode character Âú® (U+5728)
(inputenc)                not set up for use with LaTeX.

See the inputenc package documentation for explanation.
Type  H <return>  for immediate help.
 ...                                              
                                                  
l.138 ...òØÂê¶ÊÑèËØÜÂà∞ÔºåÊàë‰ª¨ÊØèÊó∂ÊØèÂàªÈÉΩÂú®
                                                  ‰∫ßÁîüÊï∞ÊçÆ„ÄÇ
You may provide a definition with
\DeclareUnicodeCharacter 


! Package inputenc Error: Unicode character ‰∫ß (U+4EA7)
(inputenc)                not set up for use with LaTeX.

See the inputenc package documentation for explanation.
Type  H <return>  for immediate help.
 ...                                              
                                                  
l.138 ...ê¶ÊÑèËØÜÂà∞ÔºåÊàë‰ª¨ÊØèÊó∂ÊØèÂàªÈÉΩÂú®‰∫ß
                                                  ÁîüÊï∞ÊçÆ„ÄÇ
You may provide a definition with
\DeclareUnicodeCharacter 


! Package inputenc Error: Unicode character Áîü (U+751F)
(inputenc)                not set up for use with LaTeX.

See the inputenc package documentation for explanation.
Type  H <return>  for immediate help.
 ...                                              
                                                  
l.138 ...ÑèËØÜÂà∞ÔºåÊàë‰ª¨ÊØèÊó∂ÊØèÂàªÈÉΩÂú®‰∫ßÁîü
                                                  Êï∞ÊçÆ„ÄÇ
You may provide a definition with
\DeclareUnicodeCharacter 


! Package inputenc Error: Unicode character Êï∞ (U+6570)
(inputenc)                not set up for use with LaTeX.

See the inputenc package documentation for explanation.
Type  H <return>  for immediate help.
 ...                                              
                                                  
l.138 ...ØÜÂà∞ÔºåÊàë‰ª¨ÊØèÊó∂ÊØèÂàªÈÉΩÂú®‰∫ßÁîüÊï∞
                                                  ÊçÆ„ÄÇ
You may provide a definition with
\DeclareUnicodeCharacter 


! Package inputenc Error: Unicode character ÊçÆ (U+636E)
(inputenc)                not set up for use with LaTeX.

See the inputenc package documentation for explanation.
Type  H <return>  for immediate help.
 ...                                              
                                                  
l.138 ...à∞ÔºåÊàë‰ª¨ÊØèÊó∂ÊØèÂàªÈÉΩÂú®‰∫ßÁîüÊï∞ÊçÆ
                                                  „ÄÇ
You may provide a definition with
\DeclareUnicodeCharacter 


! Package inputenc Error: Unicode character „ÄÇ (U+3002)
(inputenc)                not set up for use with LaTeX.

See the inputenc package documentation for explanation.
Type  H <return>  for immediate help.
 ...                                              
                                                  
l.138 ...ºåÊàë‰ª¨ÊØèÊó∂ÊØèÂàªÈÉΩÂú®‰∫ßÁîüÊï∞ÊçÆ„ÄÇ
                                                  
You may provide a definition with
\DeclareUnicodeCharacter 


! Package inputenc Error: Unicode character ÊØî (U+6BD4)
(inputenc)                not set up for use with LaTeX.

See the inputenc package documentation for explanation.
Type  H <return>  for immediate help.
 ...                                              
                                                  
l.140 ÊØî
         Â¶ÇÔºåÊó©‰∏äËµ∑Â∫äÊó∂ÔºåÁúã‰∏ÄÁúºËøêÂä®ÊâãÁéØ‰∏äÊò®ÊôöÁöÑÁù°Áú†Êó∂È...

You may provide a definition with
\DeclareUnicodeCharacter 


! Package inputenc Error: Unicode character Â¶Ç (U+5982)
(inputenc)                not set up for use with LaTeX.

See the inputenc package documentation for explanation.
Type  H <return>  for immediate help.
 ...                                              
                                                  
l.140 ÊØîÂ¶Ç
            ÔºåÊó©‰∏äËµ∑Â∫äÊó∂ÔºåÁúã‰∏ÄÁúºËøêÂä®ÊâãÁéØ‰∏äÊò®ÊôöÁöÑÁù°Áú†Êó∂È...

You may provide a definition with
\DeclareUnicodeCharacter 


! Package inputenc Error: Unicode character Ôºå (U+FF0C)
(inputenc)                not set up for use with LaTeX.

See the inputenc package documentation for explanation.
Type  H <return>  for immediate help.
 ...                                              
                                                  
l.140 ÊØîÂ¶ÇÔºå
               Êó©‰∏äËµ∑Â∫äÊó∂ÔºåÁúã‰∏ÄÁúºËøêÂä®ÊâãÁéØ‰∏äÊò®ÊôöÁöÑÁù°Áú†Êó∂È...

You may provide a definition with
\DeclareUnicodeCharacter 


! Package inputenc Error: Unicode character Êó© (U+65E9)
(inputenc)                not set up for use with LaTeX.

See the inputenc package documentation for explanation.
Type  H <return>  for immediate help.
 ...                                              
                                                  
l.140 ÊØîÂ¶ÇÔºåÊó©
                  ‰∏äËµ∑Â∫äÊó∂ÔºåÁúã‰∏ÄÁúºËøêÂä®ÊâãÁéØ‰∏äÊò®ÊôöÁöÑÁù°Áú†Êó∂È...

You may provide a definition with
\DeclareUnicodeCharacter 


! Package inputenc Error: Unicode character ‰∏ä (U+4E0A)
(inputenc)                not set up for use with LaTeX.

See the inputenc package documentation for explanation.
Type  H <return>  for immediate help.
 ...                                              
                                                  
l.140 ÊØîÂ¶ÇÔºåÊó©‰∏ä
                     Ëµ∑Â∫äÊó∂ÔºåÁúã‰∏ÄÁúºËøêÂä®ÊâãÁéØ‰∏äÊò®ÊôöÁöÑÁù°Áú†Êó∂È...

You may provide a definition with
\DeclareUnicodeCharacter 


! Package inputenc Error: Unicode character Ëµ∑ (U+8D77)
(inputenc)                not set up for use with LaTeX.

See the inputenc package documentation for explanation.
Type  H <return>  for immediate help.
 ...                                              
                                                  
l.140 ÊØîÂ¶ÇÔºåÊó©‰∏äËµ∑
                        Â∫äÊó∂ÔºåÁúã‰∏ÄÁúºËøêÂä®ÊâãÁéØ‰∏äÊò®ÊôöÁöÑÁù°Áú†Êó∂È...

You may provide a definition with
\DeclareUnicodeCharacter 


! Package inputenc Error: Unicode character Â∫ä (U+5E8A)
(inputenc)                not set up for use with LaTeX.

See the inputenc package documentation for explanation.
Type  H <return>  for immediate help.
 ...                                              
                                                  
l.140 ÊØîÂ¶ÇÔºåÊó©‰∏äËµ∑Â∫ä
                           Êó∂ÔºåÁúã‰∏ÄÁúºËøêÂä®ÊâãÁéØ‰∏äÊò®ÊôöÁöÑÁù°Áú†Êó∂È...

You may provide a definition with
\DeclareUnicodeCharacter 


! Package inputenc Error: Unicode character Êó∂ (U+65F6)
(inputenc)                not set up for use with LaTeX.

See the inputenc package documentation for explanation.
Type  H <return>  for immediate help.
 ...                                              
                                                  
l.140 ÊØîÂ¶ÇÔºåÊó©‰∏äËµ∑Â∫äÊó∂
                              ÔºåÁúã‰∏ÄÁúºËøêÂä®ÊâãÁéØ‰∏äÊò®ÊôöÁöÑÁù°Áú†Êó∂È...

You may provide a definition with
\DeclareUnicodeCharacter 


! Package inputenc Error: Unicode character Ôºå (U+FF0C)
(inputenc)                not set up for use with LaTeX.

See the inputenc package documentation for explanation.
Type  H <return>  for immediate help.
 ...                                              
                                                  
l.140 ÊØîÂ¶ÇÔºåÊó©‰∏äËµ∑Â∫äÊó∂Ôºå
                                 Áúã‰∏ÄÁúºËøêÂä®ÊâãÁéØ‰∏äÊò®ÊôöÁöÑÁù°Áú†Êó∂È...

You may provide a definition with
\DeclareUnicodeCharacter 


! Package inputenc Error: Unicode character Áúã (U+770B)
(inputenc)                not set up for use with LaTeX.

See the inputenc package documentation for explanation.
Type  H <return>  for immediate help.
 ...                                              
                                                  
l.140 ÊØîÂ¶ÇÔºåÊó©‰∏äËµ∑Â∫äÊó∂ÔºåÁúã
                                    ‰∏ÄÁúºËøêÂä®ÊâãÁéØ‰∏äÊò®ÊôöÁöÑÁù°Áú†Êó∂È...

You may provide a definition with
\DeclareUnicodeCharacter 


! Package inputenc Error: Unicode character ‰∏Ä (U+4E00)
(inputenc)                not set up for use with LaTeX.

See the inputenc package documentation for explanation.
Type  H <return>  for immediate help.
 ...                                              
                                                  
l.140 ÊØîÂ¶ÇÔºåÊó©‰∏äËµ∑Â∫äÊó∂ÔºåÁúã‰∏Ä
                                       ÁúºËøêÂä®ÊâãÁéØ‰∏äÊò®ÊôöÁöÑÁù°Áú†Êó∂È...

You may provide a definition with
\DeclareUnicodeCharacter 


! Package inputenc Error: Unicode character Áúº (U+773C)
(inputenc)                not set up for use with LaTeX.

See the inputenc package documentation for explanation.
Type  H <return>  for immediate help.
 ...                                              
                                                  
l.140 ÊØîÂ¶ÇÔºåÊó©‰∏äËµ∑Â∫äÊó∂ÔºåÁúã‰∏ÄÁúº
                                          ËøêÂä®ÊâãÁéØ‰∏äÊò®ÊôöÁöÑÁù°Áú†Êó∂È...

You may provide a definition with
\DeclareUnicodeCharacter 


! Package inputenc Error: Unicode character Ëøê (U+8FD0)
(inputenc)                not set up for use with LaTeX.

See the inputenc package documentation for explanation.
Type  H <return>  for immediate help.
 ...                                              
                                                  
l.140 ÊØîÂ¶ÇÔºåÊó©‰∏äËµ∑Â∫äÊó∂ÔºåÁúã‰∏ÄÁúºËøê
                                             Âä®ÊâãÁéØ‰∏äÊò®ÊôöÁöÑÁù°Áú†Êó∂È...

You may provide a definition with
\DeclareUnicodeCharacter 


! Package inputenc Error: Unicode character Âä® (U+52A8)
(inputenc)                not set up for use with LaTeX.

See the inputenc package documentation for explanation.
Type  H <return>  for immediate help.
 ...                                              
                                                  
l.140 ÊØîÂ¶ÇÔºåÊó©‰∏äËµ∑Â∫äÊó∂ÔºåÁúã‰∏ÄÁúºËøêÂä®
                                                ÊâãÁéØ‰∏äÊò®ÊôöÁöÑÁù°Áú†Êó∂È...

You may provide a definition with
\DeclareUnicodeCharacter 


! Package inputenc Error: Unicode character Êâã (U+624B)
(inputenc)                not set up for use with LaTeX.

See the inputenc package documentation for explanation.
Type  H <return>  for immediate help.
 ...                                              
                                                  
l.140 ...¶ÇÔºåÊó©‰∏äËµ∑Â∫äÊó∂ÔºåÁúã‰∏ÄÁúºËøêÂä®Êâã
                                                  ÁéØ‰∏äÊò®ÊôöÁöÑÁù°Áú†Êó∂Èó...

You may provide a definition with
\DeclareUnicodeCharacter 


! Package inputenc Error: Unicode character ÁéØ (U+73AF)
(inputenc)                not set up for use with LaTeX.

See the inputenc package documentation for explanation.
Type  H <return>  for immediate help.
 ...                                              
                                                  
l.140 ...ºåÊó©‰∏äËµ∑Â∫äÊó∂ÔºåÁúã‰∏ÄÁúºËøêÂä®ÊâãÁéØ
                                                  ‰∏äÊò®ÊôöÁöÑÁù°Áú†Êó∂Èó¥Ôº...

You may provide a definition with
\DeclareUnicodeCharacter 


! Package inputenc Error: Unicode character ‰∏ä (U+4E0A)
(inputenc)                not set up for use with LaTeX.

See the inputenc package documentation for explanation.
Type  H <return>  for immediate help.
 ...                                              
                                                  
l.140 ...ó©‰∏äËµ∑Â∫äÊó∂ÔºåÁúã‰∏ÄÁúºËøêÂä®ÊâãÁéØ‰∏ä
                                                  Êò®ÊôöÁöÑÁù°Áú†Êó∂Èó¥ÔºåÂê...

You may provide a definition with
\DeclareUnicodeCharacter 


! Package inputenc Error: Unicode character Êò® (U+6628)
(inputenc)                not set up for use with LaTeX.

See the inputenc package documentation for explanation.
Type  H <return>  for immediate help.
 ...                                              
                                                  
l.140 ...∏äËµ∑Â∫äÊó∂ÔºåÁúã‰∏ÄÁúºËøêÂä®ÊâãÁéØ‰∏äÊò®
                                                  ÊôöÁöÑÁù°Áú†Êó∂Èó¥ÔºåÂêåÊó...

You may provide a definition with
\DeclareUnicodeCharacter 


! Package inputenc Error: Unicode character Êôö (U+665A)
(inputenc)                not set up for use with LaTeX.

See the inputenc package documentation for explanation.
Type  H <return>  for immediate help.
 ...                                              
                                                  
l.140 ...µ∑Â∫äÊó∂ÔºåÁúã‰∏ÄÁúºËøêÂä®ÊâãÁéØ‰∏äÊò®Êôö
                                                  ÁöÑÁù°Áú†Êó∂Èó¥ÔºåÂêåÊó∂Áú...

You may provide a definition with
\DeclareUnicodeCharacter 


! Package inputenc Error: Unicode character ÁöÑ (U+7684)
(inputenc)                not set up for use with LaTeX.

See the inputenc package documentation for explanation.
Type  H <return>  for immediate help.
 ...                                              
                                                  
l.140 ...∫äÊó∂ÔºåÁúã‰∏ÄÁúºËøêÂä®ÊâãÁéØ‰∏äÊò®ÊôöÁöÑ
                                                  Áù°Áú†Êó∂Èó¥ÔºåÂêåÊó∂Áúã‰∏...

You may provide a definition with
\DeclareUnicodeCharacter 


! Package inputenc Error: Unicode character Áù° (U+7761)
(inputenc)                not set up for use with LaTeX.

See the inputenc package documentation for explanation.
Type  H <return>  for immediate help.
 ...                                              
                                                  
l.140 ...ó∂ÔºåÁúã‰∏ÄÁúºËøêÂä®ÊâãÁéØ‰∏äÊò®ÊôöÁöÑÁù°
                                                  Áú†Êó∂Èó¥ÔºåÂêåÊó∂Áúã‰∏Ä‰∏...

You may provide a definition with
\DeclareUnicodeCharacter 


! Package inputenc Error: Unicode character Áú† (U+7720)
(inputenc)                not set up for use with LaTeX.

See the inputenc package documentation for explanation.
Type  H <return>  for immediate help.
 ...                                              
                                                  
l.140 ...ºåÁúã‰∏ÄÁúºËøêÂä®ÊâãÁéØ‰∏äÊò®ÊôöÁöÑÁù°Áú†
                                                  Êó∂Èó¥ÔºåÂêåÊó∂Áúã‰∏Ä‰∏ãËø...

You may provide a definition with
\DeclareUnicodeCharacter 


! Package inputenc Error: Unicode character Êó∂ (U+65F6)
(inputenc)                not set up for use with LaTeX.

See the inputenc package documentation for explanation.
Type  H <return>  for immediate help.
 ...                                              
                                                  
l.140 ...úã‰∏ÄÁúºËøêÂä®ÊâãÁéØ‰∏äÊò®ÊôöÁöÑÁù°Áú†Êó∂
                                                  Èó¥ÔºåÂêåÊó∂Áúã‰∏Ä‰∏ãËøô‰∏...

You may provide a definition with
\DeclareUnicodeCharacter 


! Package inputenc Error: Unicode character Èó¥ (U+95F4)
(inputenc)                not set up for use with LaTeX.

See the inputenc package documentation for explanation.
Type  H <return>  for immediate help.
 ...                                              
                                                  
l.140 ...∏ÄÁúºËøêÂä®ÊâãÁéØ‰∏äÊò®ÊôöÁöÑÁù°Áú†Êó∂Èó¥
                                                  ÔºåÂêåÊó∂Áúã‰∏Ä‰∏ãËøô‰∏ÄÂë...

You may provide a definition with
\DeclareUnicodeCharacter 


! Package inputenc Error: Unicode character Ôºå (U+FF0C)
(inputenc)                not set up for use with LaTeX.

See the inputenc package documentation for explanation.
Type  H <return>  for immediate help.
 ...                                              
                                                  
l.140 ...úºËøêÂä®ÊâãÁéØ‰∏äÊò®ÊôöÁöÑÁù°Áú†Êó∂Èó¥Ôºå
                                                  ÂêåÊó∂Áúã‰∏Ä‰∏ãËøô‰∏ÄÂë®Áö...

You may provide a definition with
\DeclareUnicodeCharacter 


! Package inputenc Error: Unicode character Âêå (U+540C)
(inputenc)                not set up for use with LaTeX.

See the inputenc package documentation for explanation.
Type  H <return>  for immediate help.
 ...                                              
                                                  
l.140 ...øêÂä®ÊâãÁéØ‰∏äÊò®ÊôöÁöÑÁù°Áú†Êó∂Èó¥ÔºåÂêå
                                                  Êó∂Áúã‰∏Ä‰∏ãËøô‰∏ÄÂë®ÁöÑÁù...

You may provide a definition with
\DeclareUnicodeCharacter 


! Package inputenc Error: Unicode character Êó∂ (U+65F6)
(inputenc)                not set up for use with LaTeX.

See the inputenc package documentation for explanation.
Type  H <return>  for immediate help.
 ...                                              
                                                  
l.140 ...ä®ÊâãÁéØ‰∏äÊò®ÊôöÁöÑÁù°Áú†Êó∂Èó¥ÔºåÂêåÊó∂
                                                  Áúã‰∏Ä‰∏ãËøô‰∏ÄÂë®ÁöÑÁù°Áú...

You may provide a definition with
\DeclareUnicodeCharacter 


! Package inputenc Error: Unicode character Áúã (U+770B)
(inputenc)                not set up for use with LaTeX.

See the inputenc package documentation for explanation.
Type  H <return>  for immediate help.
 ...                                              
                                                  
l.140 ...âãÁéØ‰∏äÊò®ÊôöÁöÑÁù°Áú†Êó∂Èó¥ÔºåÂêåÊó∂Áúã
                                                  ‰∏Ä‰∏ãËøô‰∏ÄÂë®ÁöÑÁù°Áú†Ë∂...

You may provide a definition with
\DeclareUnicodeCharacter 


! Package inputenc Error: Unicode character ‰∏Ä (U+4E00)
(inputenc)                not set up for use with LaTeX.

See the inputenc package documentation for explanation.
Type  H <return>  for immediate help.
 ...                                              
                                                  
l.140 ...éØ‰∏äÊò®ÊôöÁöÑÁù°Áú†Êó∂Èó¥ÔºåÂêåÊó∂Áúã‰∏Ä
                                                  ‰∏ãËøô‰∏ÄÂë®ÁöÑÁù°Áú†Ë∂ãÂä...

You may provide a definition with
\DeclareUnicodeCharacter 


! Package inputenc Error: Unicode character ‰∏ã (U+4E0B)
(inputenc)                not set up for use with LaTeX.

See the inputenc package documentation for explanation.
Type  H <return>  for immediate help.
 ...                                              
                                                  
l.140 ...∏äÊò®ÊôöÁöÑÁù°Áú†Êó∂Èó¥ÔºåÂêåÊó∂Áúã‰∏Ä‰∏ã
                                                  Ëøô‰∏ÄÂë®ÁöÑÁù°Áú†Ë∂ãÂäøÂõ...

You may provide a definition with
\DeclareUnicodeCharacter 


! Package inputenc Error: Unicode character Ëøô (U+8FD9)
(inputenc)                not set up for use with LaTeX.

See the inputenc package documentation for explanation.
Type  H <return>  for immediate help.
 ...                                              
                                                  
l.140 ...ò®ÊôöÁöÑÁù°Áú†Êó∂Èó¥ÔºåÂêåÊó∂Áúã‰∏Ä‰∏ãËøô
                                                  ‰∏ÄÂë®ÁöÑÁù°Áú†Ë∂ãÂäøÂõæ„Ä...

You may provide a definition with
\DeclareUnicodeCharacter 


! Package inputenc Error: Unicode character ‰∏Ä (U+4E00)
(inputenc)                not set up for use with LaTeX.

See the inputenc package documentation for explanation.
Type  H <return>  for immediate help.
 ...                                              
                                                  
l.140 ...ôöÁöÑÁù°Áú†Êó∂Èó¥ÔºåÂêåÊó∂Áúã‰∏Ä‰∏ãËøô‰∏Ä
                                                  Âë®ÁöÑÁù°Áú†Ë∂ãÂäøÂõæ„ÄÇËø...

You may provide a definition with
\DeclareUnicodeCharacter 


! Package inputenc Error: Unicode character Âë® (U+5468)
(inputenc)                not set up for use with LaTeX.

See the inputenc package documentation for explanation.
Type  H <return>  for immediate help.
 ...                                              
                                                  
l.140 ...öÑÁù°Áú†Êó∂Èó¥ÔºåÂêåÊó∂Áúã‰∏Ä‰∏ãËøô‰∏ÄÂë®
                                                  ÁöÑÁù°Áú†Ë∂ãÂäøÂõæ„ÄÇËøô‰∏...

You may provide a definition with
\DeclareUnicodeCharacter 


! Package inputenc Error: Unicode character ÁöÑ (U+7684)
(inputenc)                not set up for use with LaTeX.

See the inputenc package documentation for explanation.
Type  H <return>  for immediate help.
 ...                                              
                                                  
l.140 ...ù°Áú†Êó∂Èó¥ÔºåÂêåÊó∂Áúã‰∏Ä‰∏ãËøô‰∏ÄÂë®ÁöÑ
                                                  Áù°Áú†Ë∂ãÂäøÂõæ„ÄÇËøô‰∏™ÁÆ...

You may provide a definition with
\DeclareUnicodeCharacter 


! Package inputenc Error: Unicode character Áù° (U+7761)
(inputenc)                not set up for use with LaTeX.

See the inputenc package documentation for explanation.
Type  H <return>  for immediate help.
 ...                                              
                                                  
l.140 ...ú†Êó∂Èó¥ÔºåÂêåÊó∂Áúã‰∏Ä‰∏ãËøô‰∏ÄÂë®ÁöÑÁù°
                                                  Áú†Ë∂ãÂäøÂõæ„ÄÇËøô‰∏™ÁÆÄÂç...

You may provide a definition with
\DeclareUnicodeCharacter 


! Package inputenc Error: Unicode character Áú† (U+7720)
(inputenc)                not set up for use with LaTeX.

See the inputenc package documentation for explanation.
Type  H <return>  for immediate help.
 ...                                              
                                                  
l.140 ...ó∂Èó¥ÔºåÂêåÊó∂Áúã‰∏Ä‰∏ãËøô‰∏ÄÂë®ÁöÑÁù°Áú†
                                                  Ë∂ãÂäøÂõæ„ÄÇËøô‰∏™ÁÆÄÂçïÁö...

You may provide a definition with
\DeclareUnicodeCharacter 


! Package inputenc Error: Unicode character Ë∂ã (U+8D8B)
(inputenc)                not set up for use with LaTeX.

See the inputenc package documentation for explanation.
Type  H <return>  for immediate help.
 ...                                              
                                                  
l.140 ...ó¥ÔºåÂêåÊó∂Áúã‰∏Ä‰∏ãËøô‰∏ÄÂë®ÁöÑÁù°Áú†Ë∂ã
                                                  ÂäøÂõæ„ÄÇËøô‰∏™ÁÆÄÂçïÁöÑËø...

You may provide a definition with
\DeclareUnicodeCharacter 


! Package inputenc Error: Unicode character Âäø (U+52BF)
(inputenc)                not set up for use with LaTeX.

See the inputenc package documentation for explanation.
Type  H <return>  for immediate help.
 ...                                              
                                                  
l.140 ...ºåÂêåÊó∂Áúã‰∏Ä‰∏ãËøô‰∏ÄÂë®ÁöÑÁù°Áú†Ë∂ãÂäø
                                                  Âõæ„ÄÇËøô‰∏™ÁÆÄÂçïÁöÑËøáÁ®...

You may provide a definition with
\DeclareUnicodeCharacter 


! Package inputenc Error: Unicode character Âõæ (U+56FE)
(inputenc)                not set up for use with LaTeX.

See the inputenc package documentation for explanation.
Type  H <return>  for immediate help.
 ...                                              
                                                  
l.140 ...êåÊó∂Áúã‰∏Ä‰∏ãËøô‰∏ÄÂë®ÁöÑÁù°Áú†Ë∂ãÂäøÂõæ
                                                  „ÄÇËøô‰∏™ÁÆÄÂçïÁöÑËøáÁ®ãÂ∞...

You may provide a definition with
\DeclareUnicodeCharacter 


! Package inputenc Error: Unicode character „ÄÇ (U+3002)
(inputenc)                not set up for use with LaTeX.

See the inputenc package documentation for explanation.
Type  H <return>  for immediate help.
 ...                                              
                                                  
l.140 ...ó∂Áúã‰∏Ä‰∏ãËøô‰∏ÄÂë®ÁöÑÁù°Áú†Ë∂ãÂäøÂõæ„ÄÇ
                                                  Ëøô‰∏™ÁÆÄÂçïÁöÑËøáÁ®ãÂ∞±Âå...

You may provide a definition with
\DeclareUnicodeCharacter 


! Package inputenc Error: Unicode character Ëøô (U+8FD9)
(inputenc)                not set up for use with LaTeX.

See the inputenc package documentation for explanation.
Type  H <return>  for immediate help.
 ...                                              
                                                  
l.140 ...úã‰∏Ä‰∏ãËøô‰∏ÄÂë®ÁöÑÁù°Áú†Ë∂ãÂäøÂõæ„ÄÇËøô
                                                  ‰∏™ÁÆÄÂçïÁöÑËøáÁ®ãÂ∞±ÂåÖÊã...

You may provide a definition with
\DeclareUnicodeCharacter 


! Package inputenc Error: Unicode character ‰∏™ (U+4E2A)
(inputenc)                not set up for use with LaTeX.

See the inputenc package documentation for explanation.
Type  H <return>  for immediate help.
 ...                                              
                                                  
l.140 ...∏Ä‰∏ãËøô‰∏ÄÂë®ÁöÑÁù°Áú†Ë∂ãÂäøÂõæ„ÄÇËøô‰∏™
                                                  ÁÆÄÂçïÁöÑËøáÁ®ãÂ∞±ÂåÖÊã¨‰∫...

You may provide a definition with
\DeclareUnicodeCharacter 


! Package inputenc Error: Unicode character ÁÆÄ (U+7B80)
(inputenc)                not set up for use with LaTeX.

See the inputenc package documentation for explanation.
Type  H <return>  for immediate help.
 ...                                              
                                                  
l.140 ...∏ãËøô‰∏ÄÂë®ÁöÑÁù°Áú†Ë∂ãÂäøÂõæ„ÄÇËøô‰∏™ÁÆÄ
                                                  ÂçïÁöÑËøáÁ®ãÂ∞±ÂåÖÊã¨‰∫ÜÊï...

You may provide a definition with
\DeclareUnicodeCharacter 


! Package inputenc Error: Unicode character Âçï (U+5355)
(inputenc)                not set up for use with LaTeX.

See the inputenc package documentation for explanation.
Type  H <return>  for immediate help.
 ...                                              
                                                  
l.140 ...øô‰∏ÄÂë®ÁöÑÁù°Áú†Ë∂ãÂäøÂõæ„ÄÇËøô‰∏™ÁÆÄÂçï
                                                  ÁöÑËøáÁ®ãÂ∞±ÂåÖÊã¨‰∫ÜÊï∞Êç...

You may provide a definition with
\DeclareUnicodeCharacter 


! Package inputenc Error: Unicode character ÁöÑ (U+7684)
(inputenc)                not set up for use with LaTeX.

See the inputenc package documentation for explanation.
Type  H <return>  for immediate help.
 ...                                              
                                                  
l.140 ...∏ÄÂë®ÁöÑÁù°Áú†Ë∂ãÂäøÂõæ„ÄÇËøô‰∏™ÁÆÄÂçïÁöÑ
                                                  ËøáÁ®ãÂ∞±ÂåÖÊã¨‰∫ÜÊï∞ÊçÆÊî...

You may provide a definition with
\DeclareUnicodeCharacter 


! Package inputenc Error: Unicode character Ëøá (U+8FC7)
(inputenc)                not set up for use with LaTeX.

See the inputenc package documentation for explanation.
Type  H <return>  for immediate help.
 ...                                              
                                                  
l.140 ...ë®ÁöÑÁù°Áú†Ë∂ãÂäøÂõæ„ÄÇËøô‰∏™ÁÆÄÂçïÁöÑËøá
                                                  Á®ãÂ∞±ÂåÖÊã¨‰∫ÜÊï∞ÊçÆÊî∂Èõ...

You may provide a definition with
\DeclareUnicodeCharacter 


! Package inputenc Error: Unicode character Á®ã (U+7A0B)
(inputenc)                not set up for use with LaTeX.

See the inputenc package documentation for explanation.
Type  H <return>  for immediate help.
 ...                                              
                                                  
l.140 ...öÑÁù°Áú†Ë∂ãÂäøÂõæ„ÄÇËøô‰∏™ÁÆÄÂçïÁöÑËøáÁ®ã
                                                  Â∞±ÂåÖÊã¨‰∫ÜÊï∞ÊçÆÊî∂ÈõÜÔº...

You may provide a definition with
\DeclareUnicodeCharacter 


! Package inputenc Error: Unicode character Â∞± (U+5C31)
(inputenc)                not set up for use with LaTeX.

See the inputenc package documentation for explanation.
Type  H <return>  for immediate help.
 ...                                              
                                                  
l.140 ...ù°Áú†Ë∂ãÂäøÂõæ„ÄÇËøô‰∏™ÁÆÄÂçïÁöÑËøáÁ®ãÂ∞±
                                                  ÂåÖÊã¨‰∫ÜÊï∞ÊçÆÊî∂ÈõÜÔºåÊï...

You may provide a definition with
\DeclareUnicodeCharacter 


! Package inputenc Error: Unicode character ÂåÖ (U+5305)
(inputenc)                not set up for use with LaTeX.

See the inputenc package documentation for explanation.
Type  H <return>  for immediate help.
 ...                                              
                                                  
l.140 ...ú†Ë∂ãÂäøÂõæ„ÄÇËøô‰∏™ÁÆÄÂçïÁöÑËøáÁ®ãÂ∞±ÂåÖ
                                                  Êã¨‰∫ÜÊï∞ÊçÆÊî∂ÈõÜÔºåÊï∞Êç...

You may provide a definition with
\DeclareUnicodeCharacter 


! Package inputenc Error: Unicode character Êã¨ (U+62EC)
(inputenc)                not set up for use with LaTeX.

See the inputenc package documentation for explanation.
Type  H <return>  for immediate help.
 ...                                              
                                                  
l.140 ...∂ãÂäøÂõæ„ÄÇËøô‰∏™ÁÆÄÂçïÁöÑËøáÁ®ãÂ∞±ÂåÖÊã¨
                                                  ‰∫ÜÊï∞ÊçÆÊî∂ÈõÜÔºåÊï∞ÊçÆÊï...

You may provide a definition with
\DeclareUnicodeCharacter 


! Package inputenc Error: Unicode character ‰∫Ü (U+4E86)
(inputenc)                not set up for use with LaTeX.

See the inputenc package documentation for explanation.
Type  H <return>  for immediate help.
 ...                                              
                                                  
l.140 ...äøÂõæ„ÄÇËøô‰∏™ÁÆÄÂçïÁöÑËøáÁ®ãÂ∞±ÂåÖÊã¨‰∫Ü
                                                  Êï∞ÊçÆÊî∂ÈõÜÔºåÊï∞ÊçÆÊï¥Áê...

You may provide a definition with
\DeclareUnicodeCharacter 


! Package inputenc Error: Unicode character Êï∞ (U+6570)
(inputenc)                not set up for use with LaTeX.

See the inputenc package documentation for explanation.
Type  H <return>  for immediate help.
 ...                                              
                                                  
l.140 ...õæ„ÄÇËøô‰∏™ÁÆÄÂçïÁöÑËøáÁ®ãÂ∞±ÂåÖÊã¨‰∫ÜÊï∞
                                                  ÊçÆÊî∂ÈõÜÔºåÊï∞ÊçÆÊï¥ÁêÜÂí...

You may provide a definition with
\DeclareUnicodeCharacter 


! Package inputenc Error: Unicode character ÊçÆ (U+636E)
(inputenc)                not set up for use with LaTeX.

See the inputenc package documentation for explanation.
Type  H <return>  for immediate help.
 ...                                              
                                                  
l.140 ...ÄÇËøô‰∏™ÁÆÄÂçïÁöÑËøáÁ®ãÂ∞±ÂåÖÊã¨‰∫ÜÊï∞ÊçÆ
                                                  Êî∂ÈõÜÔºåÊï∞ÊçÆÊï¥ÁêÜÂíåÂè...

You may provide a definition with
\DeclareUnicodeCharacter 


! Package inputenc Error: Unicode character Êî∂ (U+6536)
(inputenc)                not set up for use with LaTeX.

See the inputenc package documentation for explanation.
Type  H <return>  for immediate help.
 ...                                              
                                                  
l.140 ...øô‰∏™ÁÆÄÂçïÁöÑËøáÁ®ãÂ∞±ÂåÖÊã¨‰∫ÜÊï∞ÊçÆÊî∂
                                                  ÈõÜÔºåÊï∞ÊçÆÊï¥ÁêÜÂíåÂèØËß...

You may provide a definition with
\DeclareUnicodeCharacter 


! Package inputenc Error: Unicode character ÈõÜ (U+96C6)
(inputenc)                not set up for use with LaTeX.

See the inputenc package documentation for explanation.
Type  H <return>  for immediate help.
 ...                                              
                                                  
l.140 ...∏™ÁÆÄÂçïÁöÑËøáÁ®ãÂ∞±ÂåÖÊã¨‰∫ÜÊï∞ÊçÆÊî∂ÈõÜ
                                                  ÔºåÊï∞ÊçÆÊï¥ÁêÜÂíåÂèØËßÜÂå...

You may provide a definition with
\DeclareUnicodeCharacter 


! Package inputenc Error: Unicode character Ôºå (U+FF0C)
(inputenc)                not set up for use with LaTeX.

See the inputenc package documentation for explanation.
Type  H <return>  for immediate help.
 ...                                              
                                                  
l.140 ...ÆÄÂçïÁöÑËøáÁ®ãÂ∞±ÂåÖÊã¨‰∫ÜÊï∞ÊçÆÊî∂ÈõÜÔºå
                                                  Êï∞ÊçÆÊï¥ÁêÜÂíåÂèØËßÜÂåñ„Ä...

You may provide a definition with
\DeclareUnicodeCharacter 


! Package inputenc Error: Unicode character Êï∞ (U+6570)
(inputenc)                not set up for use with LaTeX.

See the inputenc package documentation for explanation.
Type  H <return>  for immediate help.
 ...                                              
                                                  
l.140 ...çïÁöÑËøáÁ®ãÂ∞±ÂåÖÊã¨‰∫ÜÊï∞ÊçÆÊî∂ÈõÜÔºåÊï∞
                                                  ÊçÆÊï¥ÁêÜÂíåÂèØËßÜÂåñ„ÄÇÂ¶...

You may provide a definition with
\DeclareUnicodeCharacter 


! Package inputenc Error: Unicode character ÊçÆ (U+636E)
(inputenc)                not set up for use with LaTeX.

See the inputenc package documentation for explanation.
Type  H <return>  for immediate help.
 ...                                              
                                                  
l.140 ...öÑËøáÁ®ãÂ∞±ÂåÖÊã¨‰∫ÜÊï∞ÊçÆÊî∂ÈõÜÔºåÊï∞ÊçÆ
                                                  Êï¥ÁêÜÂíåÂèØËßÜÂåñ„ÄÇÂ¶ÇÊû...

You may provide a definition with
\DeclareUnicodeCharacter 


! Package inputenc Error: Unicode character Êï¥ (U+6574)
(inputenc)                not set up for use with LaTeX.

See the inputenc package documentation for explanation.
Type  H <return>  for immediate help.
 ...                                              
                                                  
l.140 ...øáÁ®ãÂ∞±ÂåÖÊã¨‰∫ÜÊï∞ÊçÆÊî∂ÈõÜÔºåÊï∞ÊçÆÊï¥
                                                  ÁêÜÂíåÂèØËßÜÂåñ„ÄÇÂ¶ÇÊûú‰Ω...

You may provide a definition with
\DeclareUnicodeCharacter 


! Package inputenc Error: Unicode character ÁêÜ (U+7406)
(inputenc)                not set up for use with LaTeX.

See the inputenc package documentation for explanation.
Type  H <return>  for immediate help.
 ...                                              
                                                  
l.140 ...®ãÂ∞±ÂåÖÊã¨‰∫ÜÊï∞ÊçÆÊî∂ÈõÜÔºåÊï∞ÊçÆÊï¥ÁêÜ
                                                  ÂíåÂèØËßÜÂåñ„ÄÇÂ¶ÇÊûú‰Ω†Áö...

You may provide a definition with
\DeclareUnicodeCharacter 


! Package inputenc Error: Unicode character Âíå (U+548C)
(inputenc)                not set up for use with LaTeX.

See the inputenc package documentation for explanation.
Type  H <return>  for immediate help.
 ...                                              
                                                  
l.140 ...∞±ÂåÖÊã¨‰∫ÜÊï∞ÊçÆÊî∂ÈõÜÔºåÊï∞ÊçÆÊï¥ÁêÜÂíå
                                                  ÂèØËßÜÂåñ„ÄÇÂ¶ÇÊûú‰Ω†ÁöÑÂÅ...

You may provide a definition with
\DeclareUnicodeCharacter 


! Package inputenc Error: Unicode character ÂèØ (U+53EF)
(inputenc)                not set up for use with LaTeX.

See the inputenc package documentation for explanation.
Type  H <return>  for immediate help.
 ...                                              
                                                  
l.140 ...åÖÊã¨‰∫ÜÊï∞ÊçÆÊî∂ÈõÜÔºåÊï∞ÊçÆÊï¥ÁêÜÂíåÂèØ
                                                  ËßÜÂåñ„ÄÇÂ¶ÇÊûú‰Ω†ÁöÑÂÅ•Â∫...

You may provide a definition with
\DeclareUnicodeCharacter 


! Package inputenc Error: Unicode character ËßÜ (U+89C6)
(inputenc)                not set up for use with LaTeX.

See the inputenc package documentation for explanation.
Type  H <return>  for immediate help.
 ...                                              
                                                  
l.140 ...ã¨‰∫ÜÊï∞ÊçÆÊî∂ÈõÜÔºåÊï∞ÊçÆÊï¥ÁêÜÂíåÂèØËßÜ
                                                  Âåñ„ÄÇÂ¶ÇÊûú‰Ω†ÁöÑÂÅ•Â∫∑ËÆ...

You may provide a definition with
\DeclareUnicodeCharacter 


! Package inputenc Error: Unicode character Âåñ (U+5316)
(inputenc)                not set up for use with LaTeX.

See the inputenc package documentation for explanation.
Type  H <return>  for immediate help.
 ...                                              
                                                  
l.140 ...∫ÜÊï∞ÊçÆÊî∂ÈõÜÔºåÊï∞ÊçÆÊï¥ÁêÜÂíåÂèØËßÜÂåñ
                                                  „ÄÇÂ¶ÇÊûú‰Ω†ÁöÑÂÅ•Â∫∑ËÆæÂ§...

You may provide a definition with
\DeclareUnicodeCharacter 


! Package inputenc Error: Unicode character „ÄÇ (U+3002)
(inputenc)                not set up for use with LaTeX.

See the inputenc package documentation for explanation.
Type  H <return>  for immediate help.
 ...                                              
                                                  
l.140 ...ï∞ÊçÆÊî∂ÈõÜÔºåÊï∞ÊçÆÊï¥ÁêÜÂíåÂèØËßÜÂåñ„ÄÇ
                                                  Â¶ÇÊûú‰Ω†ÁöÑÂÅ•Â∫∑ËÆæÂ§áÔº...

You may provide a definition with
\DeclareUnicodeCharacter 


! Package inputenc Error: Unicode character Â¶Ç (U+5982)
(inputenc)                not set up for use with LaTeX.

See the inputenc package documentation for explanation.
Type  H <return>  for immediate help.
 ...                                              
                                                  
l.140 ...çÆÊî∂ÈõÜÔºåÊï∞ÊçÆÊï¥ÁêÜÂíåÂèØËßÜÂåñ„ÄÇÂ¶Ç
                                                  Êûú‰Ω†ÁöÑÂÅ•Â∫∑ËÆæÂ§áÔºåÁª...
(That makes 100 errors; please try again.) 
Here is how much of TeX's memory you used:
 12893 strings out of 492616
 187174 string characters out of 6129482
 290678 words of memory out of 5000000
 16609 multiletter control sequences out of 15000+600000
 47635 words of font info for 51 fonts, out of 8000000 for 9000
 1141 hyphenation exceptions out of 8191
 35i,6n,38p,821b,358s stack positions out of 5000i,500n,10000p,200000b,80000s

!  ==> Fatal error occurred, no output PDF file produced!
